------------------------------------------------------------------------------------------------------------------------

[2022-10-19 00:00:55 #1 store] 
Database 'C:\Users\34618\git\proiektuaSI2\src\main\resources\bets.temp' is opened by 17580@LAPTOP-18ORFK1V

[2022-10-19 00:00:55 #2 type.registry] 
New type domain.Team

[2022-10-19 00:00:55 #3 type] 
Type domain.Team is not enhanced.

[2022-10-19 00:00:55 #4 type.registry] 
New type domain.Event

[2022-10-19 00:00:55 #5 type.registry] 
New type java.util.Vector<domain.Event>

[2022-10-19 00:00:55 #6 type.registry] 
New type domain.User

[2022-10-19 00:00:55 #7 type.registry] 
New type domain.Registered

[2022-10-19 00:00:55 #8 type.registry] 
New type java.util.Vector<domain.Registered>

[2022-10-19 00:00:55 #9 type] 
Type domain.Event is not enhanced.

[2022-10-19 00:00:55 #10 type.registry] 
New type domain.Sport

[2022-10-19 00:00:55 #11 type.registry] 
New type domain.Question

[2022-10-19 00:00:55 #12 type.registry] 
New type java.util.Vector<domain.Question>

[2022-10-19 00:00:55 #13 type] 
Type domain.User is not enhanced.

[2022-10-19 00:00:55 #14 type.registry] 
New type domain.Elkarrizketa

[2022-10-19 00:00:55 #15 type.registry] 
New type java.util.Vector<domain.Elkarrizketa>

[2022-10-19 00:00:55 #16 type.registry] 
New type domain.Message

[2022-10-19 00:00:55 #17 type.registry] 
New type java.util.Vector<domain.Message>

[2022-10-19 00:00:55 #18 type] 
Type domain.Registered is not enhanced.

[2022-10-19 00:00:55 #19 type.registry] 
New type domain.KirolEstatistikak

[2022-10-19 00:00:55 #20 type.registry] 
New type java.util.Vector<domain.KirolEstatistikak>

[2022-10-19 00:00:55 #21 type.registry] 
New type domain.Jarraitzailea

[2022-10-19 00:00:55 #22 type.registry] 
New type java.util.Vector<domain.Jarraitzailea>

[2022-10-19 00:00:55 #23 type.registry] 
New type domain.ApustuAnitza

[2022-10-19 00:00:55 #24 type.registry] 
New type java.util.Vector<domain.ApustuAnitza>

[2022-10-19 00:00:55 #25 type.registry] 
New type domain.Transaction

[2022-10-19 00:00:55 #26 type.registry] 
New type java.util.Vector<domain.Transaction>

[2022-10-19 00:00:55 #27 type] 
Type domain.Sport is not enhanced.

[2022-10-19 00:00:55 #28 type] 
Type domain.Question is not enhanced.

[2022-10-19 00:00:55 #29 type.registry] 
New type domain.Quote

[2022-10-19 00:00:55 #30 type.registry] 
New type java.util.Vector<domain.Quote>

[2022-10-19 00:00:55 #31 type] 
Type domain.Elkarrizketa is not enhanced.

[2022-10-19 00:00:55 #32 type] 
Type domain.Message is not enhanced.

[2022-10-19 00:00:55 #33 type] 
Type domain.KirolEstatistikak is not enhanced.

[2022-10-19 00:00:55 #34 type] 
Type domain.Jarraitzailea is not enhanced.

[2022-10-19 00:00:55 #35 type] 
Type domain.ApustuAnitza is not enhanced.

[2022-10-19 00:00:55 #36 type.registry] 
New type domain.Apustua

[2022-10-19 00:00:55 #37 type.registry] 
New type java.util.Vector<domain.Apustua>

[2022-10-19 00:00:55 #38 type] 
Type domain.Transaction is not enhanced.

[2022-10-19 00:00:55 #39 type] 
Type domain.Quote is not enhanced.

[2022-10-19 00:00:55 #40 type] 
Type domain.Apustua is not enhanced.

[2022-10-19 00:00:55 #41 type.registry] 
New type domain.Admin

[2022-10-19 00:00:55 #42 type] 
Type domain.Admin is not enhanced.

[2022-10-19 00:00:55 #43 type.registry] 
New type java.util.Vector<java.lang.Object>

