------------------------------------------------------------------------------------------------------------------------

[2022-10-18 14:19:06 #1 store] 
Database 'C:\Users\Aimar\Desktop\Unibertsitatea\SoftwareIngenieritza2\Proiektua\Bets21\src\main\resources\bets.temp' is opened by 1012@AMO-Port

[2022-10-18 14:19:06 #2 type] 
Type domain.Team is not enhanced.

[2022-10-18 14:19:06 #3 type] 
Type domain.Event is not enhanced.

[2022-10-18 14:19:06 #4 type] 
Type domain.User is not enhanced.

[2022-10-18 14:19:06 #5 type] 
Type domain.Registered is not enhanced.

[2022-10-18 14:19:06 #6 type] 
Type domain.Sport is not enhanced.

[2022-10-18 14:19:06 #7 type] 
Type domain.Question is not enhanced.

[2022-10-18 14:19:06 #8 type] 
Type domain.Elkarrizketa is not enhanced.

[2022-10-18 14:19:06 #9 type] 
Type domain.Message is not enhanced.

[2022-10-18 14:19:06 #10 type] 
Type domain.KirolEstatistikak is not enhanced.

[2022-10-18 14:19:06 #11 type] 
Type domain.Jarraitzailea is not enhanced.

[2022-10-18 14:19:06 #12 type] 
Type domain.ApustuAnitza is not enhanced.

[2022-10-18 14:19:06 #13 type] 
Type domain.Transaction is not enhanced.

[2022-10-18 14:19:06 #14 type] 
Type domain.Quote is not enhanced.

[2022-10-18 14:19:06 #15 type] 
Type domain.Apustua is not enhanced.

[2022-10-18 14:19:06 #16 type] 
Type domain.Admin is not enhanced.

------------------------------------------------------------------------------------------------------------------------

[2022-10-18 14:32:52 #1 store] 
Database 'C:\Users\Aimar\Desktop\Unibertsitatea\SoftwareIngenieritza2\Proiektua\Bets21\src\main\resources\bets.temp' has been recovered (tr. 14-63)

[2022-10-18 14:32:52 #2 store] 
Database 'C:\Users\Aimar\Desktop\Unibertsitatea\SoftwareIngenieritza2\Proiektua\Bets21\src\main\resources\bets.temp' is opened by 1692@AMO-Port

[2022-10-18 14:32:52 #3 type] 
Type domain.Team is not enhanced.

[2022-10-18 14:32:52 #4 type] 
Type domain.Event is not enhanced.

[2022-10-18 14:32:52 #5 type] 
Type domain.User is not enhanced.

[2022-10-18 14:32:52 #6 type] 
Type domain.Registered is not enhanced.

[2022-10-18 14:32:52 #7 type] 
Type domain.Sport is not enhanced.

[2022-10-18 14:32:52 #8 type] 
Type domain.Question is not enhanced.

[2022-10-18 14:32:52 #9 type] 
Type domain.Elkarrizketa is not enhanced.

[2022-10-18 14:32:52 #10 type] 
Type domain.Message is not enhanced.

[2022-10-18 14:32:52 #11 type] 
Type domain.KirolEstatistikak is not enhanced.

[2022-10-18 14:32:52 #12 type] 
Type domain.Jarraitzailea is not enhanced.

[2022-10-18 14:32:52 #13 type] 
Type domain.ApustuAnitza is not enhanced.

[2022-10-18 14:32:52 #14 type] 
Type domain.Transaction is not enhanced.

[2022-10-18 14:32:52 #15 type] 
Type domain.Quote is not enhanced.

[2022-10-18 14:32:52 #16 type] 
Type domain.Apustua is not enhanced.

[2022-10-18 14:32:52 #17 type] 
Type domain.Admin is not enhanced.

------------------------------------------------------------------------------------------------------------------------

[2022-10-18 14:33:48 #1 store] 
Database 'C:\Users\Aimar\Desktop\Unibertsitatea\SoftwareIngenieritza2\Proiektua\Bets21\src\main\resources\bets.temp' has been recovered (tr. 64-108)

[2022-10-18 14:33:48 #2 store] 
Database 'C:\Users\Aimar\Desktop\Unibertsitatea\SoftwareIngenieritza2\Proiektua\Bets21\src\main\resources\bets.temp' is opened by 10708@AMO-Port

[2022-10-18 14:33:48 #3 type] 
Type domain.Team is not enhanced.

[2022-10-18 14:33:48 #4 type] 
Type domain.Event is not enhanced.

[2022-10-18 14:33:48 #5 type] 
Type domain.User is not enhanced.

[2022-10-18 14:33:48 #6 type] 
Type domain.Registered is not enhanced.

[2022-10-18 14:33:48 #7 type] 
Type domain.Sport is not enhanced.

[2022-10-18 14:33:48 #8 type] 
Type domain.Question is not enhanced.

[2022-10-18 14:33:48 #9 type] 
Type domain.Elkarrizketa is not enhanced.

[2022-10-18 14:33:48 #10 type] 
Type domain.Message is not enhanced.

[2022-10-18 14:33:48 #11 type] 
Type domain.KirolEstatistikak is not enhanced.

[2022-10-18 14:33:48 #12 type] 
Type domain.Jarraitzailea is not enhanced.

[2022-10-18 14:33:48 #13 type] 
Type domain.ApustuAnitza is not enhanced.

[2022-10-18 14:33:48 #14 type] 
Type domain.Transaction is not enhanced.

[2022-10-18 14:33:48 #15 type] 
Type domain.Quote is not enhanced.

[2022-10-18 14:33:48 #16 type] 
Type domain.Apustua is not enhanced.

[2022-10-18 14:33:48 #17 type] 
Type domain.Admin is not enhanced.

------------------------------------------------------------------------------------------------------------------------

[2022-10-18 15:37:17 #1 store] 
Database 'C:\Users\Aimar\Desktop\Unibertsitatea\SoftwareIngenieritza2\Proiektua\Bets21\src\main\resources\bets.temp' has been recovered (tr. 109-153)

[2022-10-18 15:37:17 #2 store] 
Database 'C:\Users\Aimar\Desktop\Unibertsitatea\SoftwareIngenieritza2\Proiektua\Bets21\src\main\resources\bets.temp' is opened by 11040@AMO-Port

[2022-10-18 15:37:18 #3 type] 
Type domain.Team is not enhanced.

[2022-10-18 15:37:18 #4 type] 
Type domain.Event is not enhanced.

[2022-10-18 15:37:18 #5 type] 
Type domain.User is not enhanced.

[2022-10-18 15:37:18 #6 type] 
Type domain.Registered is not enhanced.

[2022-10-18 15:37:18 #7 type] 
Type domain.Sport is not enhanced.

[2022-10-18 15:37:18 #8 type] 
Type domain.Question is not enhanced.

[2022-10-18 15:37:18 #9 type] 
Type domain.Elkarrizketa is not enhanced.

[2022-10-18 15:37:18 #10 type] 
Type domain.Message is not enhanced.

[2022-10-18 15:37:18 #11 type] 
Type domain.KirolEstatistikak is not enhanced.

[2022-10-18 15:37:18 #12 type] 
Type domain.Jarraitzailea is not enhanced.

[2022-10-18 15:37:18 #13 type] 
Type domain.ApustuAnitza is not enhanced.

[2022-10-18 15:37:18 #14 type] 
Type domain.Transaction is not enhanced.

[2022-10-18 15:37:18 #15 type] 
Type domain.Quote is not enhanced.

[2022-10-18 15:37:18 #16 type] 
Type domain.Apustua is not enhanced.

[2022-10-18 15:37:18 #17 type] 
Type domain.Admin is not enhanced.

------------------------------------------------------------------------------------------------------------------------

[2022-10-18 16:30:33 #1 store] 
Database 'C:\Users\Aimar\Desktop\Unibertsitatea\SoftwareIngenieritza2\Proiektua\Bets21\src\main\resources\bets.temp' has been recovered (tr. 154-198)

[2022-10-18 16:30:33 #2 store] 
Database 'C:\Users\Aimar\Desktop\Unibertsitatea\SoftwareIngenieritza2\Proiektua\Bets21\src\main\resources\bets.temp' is opened by 9668@AMO-Port

[2022-10-18 16:30:33 #3 type] 
Type domain.Team is not enhanced.

[2022-10-18 16:30:33 #4 type] 
Type domain.Event is not enhanced.

[2022-10-18 16:30:33 #5 type] 
Type domain.User is not enhanced.

[2022-10-18 16:30:33 #6 type] 
Type domain.Registered is not enhanced.

[2022-10-18 16:30:33 #7 type] 
Type domain.Sport is not enhanced.

[2022-10-18 16:30:33 #8 type] 
Type domain.Question is not enhanced.

[2022-10-18 16:30:33 #9 type] 
Type domain.Elkarrizketa is not enhanced.

[2022-10-18 16:30:33 #10 type] 
Type domain.Message is not enhanced.

[2022-10-18 16:30:33 #11 type] 
Type domain.KirolEstatistikak is not enhanced.

[2022-10-18 16:30:33 #12 type] 
Type domain.Jarraitzailea is not enhanced.

[2022-10-18 16:30:33 #13 type] 
Type domain.ApustuAnitza is not enhanced.

[2022-10-18 16:30:33 #14 type] 
Type domain.Transaction is not enhanced.

[2022-10-18 16:30:33 #15 type] 
Type domain.Quote is not enhanced.

[2022-10-18 16:30:33 #16 type] 
Type domain.Apustua is not enhanced.

[2022-10-18 16:30:33 #17 type] 
Type domain.Admin is not enhanced.

