------------------------------------------------------------------------------------------------------------------------

[2022-10-09 14:53:54 #1 store] 
Database 'C:\Users\Aimar\Desktop\Unibertsitatea\SoftwareIngenieritza2\Proiektua\Bets21\src\main\resources\bets.temp' has been recovered (tr. 1-17)

[2022-10-09 14:53:54 #2 store] 
Database 'C:\Users\Aimar\Desktop\Unibertsitatea\SoftwareIngenieritza2\Proiektua\Bets21\src\main\resources\bets.temp' is opened by 2968@AMO-Port

[2022-10-09 14:53:54 #3 type] 
Type domain.Team is not enhanced.

[2022-10-09 14:53:54 #4 type] 
Type domain.Event is not enhanced.

[2022-10-09 14:53:54 #5 type] 
Type domain.User is not enhanced.

[2022-10-09 14:53:54 #6 type] 
Type domain.Registered is not enhanced.

[2022-10-09 14:53:54 #7 type] 
Type domain.Sport is not enhanced.

[2022-10-09 14:53:54 #8 type] 
Type domain.Question is not enhanced.

[2022-10-09 14:53:54 #9 type] 
Type domain.Elkarrizketa is not enhanced.

[2022-10-09 14:53:54 #10 type] 
Type domain.Message is not enhanced.

[2022-10-09 14:53:54 #11 type] 
Type domain.KirolEstatistikak is not enhanced.

[2022-10-09 14:53:54 #12 type] 
Type domain.Jarraitzailea is not enhanced.

[2022-10-09 14:53:54 #13 type] 
Type domain.ApustuAnitza is not enhanced.

[2022-10-09 14:53:54 #14 type] 
Type domain.Transaction is not enhanced.

[2022-10-09 14:53:54 #15 type] 
Type domain.Quote is not enhanced.

[2022-10-09 14:53:55 #16 type] 
Type domain.Apustua is not enhanced.

[2022-10-09 14:53:55 #17 type] 
Type domain.Admin is not enhanced.

------------------------------------------------------------------------------------------------------------------------

[2022-10-09 14:54:23 #1 store] 
Database 'C:\Users\Aimar\Desktop\Unibertsitatea\SoftwareIngenieritza2\Proiektua\Bets21\src\main\resources\bets.temp' is opened by 13988@AMO-Port

[2022-10-09 14:54:23 #2 type] 
Type domain.Team is not enhanced.

[2022-10-09 14:54:23 #3 type] 
Type domain.Event is not enhanced.

[2022-10-09 14:54:23 #4 type] 
Type domain.User is not enhanced.

[2022-10-09 14:54:23 #5 type] 
Type domain.Registered is not enhanced.

[2022-10-09 14:54:23 #6 type] 
Type domain.Sport is not enhanced.

[2022-10-09 14:54:23 #7 type] 
Type domain.Question is not enhanced.

[2022-10-09 14:54:23 #8 type] 
Type domain.Elkarrizketa is not enhanced.

[2022-10-09 14:54:23 #9 type] 
Type domain.Message is not enhanced.

[2022-10-09 14:54:23 #10 type] 
Type domain.KirolEstatistikak is not enhanced.

[2022-10-09 14:54:23 #11 type] 
Type domain.Jarraitzailea is not enhanced.

[2022-10-09 14:54:23 #12 type] 
Type domain.ApustuAnitza is not enhanced.

[2022-10-09 14:54:23 #13 type] 
Type domain.Transaction is not enhanced.

[2022-10-09 14:54:23 #14 type] 
Type domain.Quote is not enhanced.

[2022-10-09 14:54:23 #15 type] 
Type domain.Apustua is not enhanced.

[2022-10-09 14:54:23 #16 type] 
Type domain.Admin is not enhanced.

------------------------------------------------------------------------------------------------------------------------

[2022-10-09 14:57:29 #1 store] 
Database 'C:\Users\Aimar\Desktop\Unibertsitatea\SoftwareIngenieritza2\Proiektua\Bets21\src\main\resources\bets.temp' is opened by 14284@AMO-Port

[2022-10-09 14:57:30 #2 type] 
Type domain.Team is not enhanced.

[2022-10-09 14:57:30 #3 type] 
Type domain.Event is not enhanced.

[2022-10-09 14:57:30 #4 type] 
Type domain.User is not enhanced.

[2022-10-09 14:57:30 #5 type] 
Type domain.Registered is not enhanced.

[2022-10-09 14:57:30 #6 type] 
Type domain.Sport is not enhanced.

[2022-10-09 14:57:30 #7 type] 
Type domain.Question is not enhanced.

[2022-10-09 14:57:30 #8 type] 
Type domain.Elkarrizketa is not enhanced.

[2022-10-09 14:57:30 #9 type] 
Type domain.Message is not enhanced.

[2022-10-09 14:57:30 #10 type] 
Type domain.KirolEstatistikak is not enhanced.

[2022-10-09 14:57:30 #11 type] 
Type domain.Jarraitzailea is not enhanced.

[2022-10-09 14:57:30 #12 type] 
Type domain.ApustuAnitza is not enhanced.

[2022-10-09 14:57:30 #13 type] 
Type domain.Transaction is not enhanced.

[2022-10-09 14:57:30 #14 type] 
Type domain.Quote is not enhanced.

[2022-10-09 14:57:30 #15 type] 
Type domain.Apustua is not enhanced.

[2022-10-09 14:57:30 #16 type] 
Type domain.Admin is not enhanced.

------------------------------------------------------------------------------------------------------------------------

[2022-10-09 14:57:57 #1 store] 
Database 'C:\Users\Aimar\Desktop\Unibertsitatea\SoftwareIngenieritza2\Proiektua\Bets21\src\main\resources\bets.temp' is opened by 10464@AMO-Port

[2022-10-09 14:57:58 #2 type] 
Type domain.Team is not enhanced.

[2022-10-09 14:57:58 #3 type] 
Type domain.Event is not enhanced.

[2022-10-09 14:57:58 #4 type] 
Type domain.User is not enhanced.

[2022-10-09 14:57:58 #5 type] 
Type domain.Registered is not enhanced.

[2022-10-09 14:57:58 #6 type] 
Type domain.Sport is not enhanced.

[2022-10-09 14:57:58 #7 type] 
Type domain.Question is not enhanced.

[2022-10-09 14:57:58 #8 type] 
Type domain.Elkarrizketa is not enhanced.

[2022-10-09 14:57:58 #9 type] 
Type domain.Message is not enhanced.

[2022-10-09 14:57:58 #10 type] 
Type domain.KirolEstatistikak is not enhanced.

[2022-10-09 14:57:58 #11 type] 
Type domain.Jarraitzailea is not enhanced.

[2022-10-09 14:57:58 #12 type] 
Type domain.ApustuAnitza is not enhanced.

[2022-10-09 14:57:58 #13 type] 
Type domain.Transaction is not enhanced.

[2022-10-09 14:57:58 #14 type] 
Type domain.Quote is not enhanced.

[2022-10-09 14:57:58 #15 type] 
Type domain.Apustua is not enhanced.

[2022-10-09 14:57:58 #16 type] 
Type domain.Admin is not enhanced.

------------------------------------------------------------------------------------------------------------------------

[2022-10-09 14:58:32 #1 store] 
Database 'C:\Users\Aimar\Desktop\Unibertsitatea\SoftwareIngenieritza2\Proiektua\Bets21\src\main\resources\bets.temp' is opened by 16740@AMO-Port

[2022-10-09 14:58:32 #2 type] 
Type domain.Team is not enhanced.

[2022-10-09 14:58:32 #3 type] 
Type domain.Event is not enhanced.

[2022-10-09 14:58:32 #4 type] 
Type domain.User is not enhanced.

[2022-10-09 14:58:32 #5 type] 
Type domain.Registered is not enhanced.

[2022-10-09 14:58:32 #6 type] 
Type domain.Sport is not enhanced.

[2022-10-09 14:58:32 #7 type] 
Type domain.Question is not enhanced.

[2022-10-09 14:58:32 #8 type] 
Type domain.Elkarrizketa is not enhanced.

[2022-10-09 14:58:32 #9 type] 
Type domain.Message is not enhanced.

[2022-10-09 14:58:32 #10 type] 
Type domain.KirolEstatistikak is not enhanced.

[2022-10-09 14:58:32 #11 type] 
Type domain.Jarraitzailea is not enhanced.

[2022-10-09 14:58:32 #12 type] 
Type domain.ApustuAnitza is not enhanced.

[2022-10-09 14:58:32 #13 type] 
Type domain.Transaction is not enhanced.

[2022-10-09 14:58:32 #14 type] 
Type domain.Quote is not enhanced.

[2022-10-09 14:58:32 #15 type] 
Type domain.Apustua is not enhanced.

[2022-10-09 14:58:32 #16 type] 
Type domain.Admin is not enhanced.

------------------------------------------------------------------------------------------------------------------------

[2022-10-09 15:01:58 #1 store] 
Database 'C:\Users\Aimar\Desktop\Unibertsitatea\SoftwareIngenieritza2\Proiektua\Bets21\src\main\resources\bets.temp' is opened by 5208@AMO-Port

[2022-10-09 15:01:59 #2 type] 
Type domain.Team is not enhanced.

[2022-10-09 15:01:59 #3 type] 
Type domain.Event is not enhanced.

[2022-10-09 15:01:59 #4 type] 
Type domain.User is not enhanced.

[2022-10-09 15:01:59 #5 type] 
Type domain.Registered is not enhanced.

[2022-10-09 15:01:59 #6 type] 
Type domain.Sport is not enhanced.

[2022-10-09 15:01:59 #7 type] 
Type domain.Question is not enhanced.

[2022-10-09 15:01:59 #8 type] 
Type domain.Elkarrizketa is not enhanced.

[2022-10-09 15:01:59 #9 type] 
Type domain.Message is not enhanced.

[2022-10-09 15:01:59 #10 type] 
Type domain.KirolEstatistikak is not enhanced.

[2022-10-09 15:01:59 #11 type] 
Type domain.Jarraitzailea is not enhanced.

[2022-10-09 15:01:59 #12 type] 
Type domain.ApustuAnitza is not enhanced.

[2022-10-09 15:01:59 #13 type] 
Type domain.Transaction is not enhanced.

[2022-10-09 15:01:59 #14 type] 
Type domain.Quote is not enhanced.

[2022-10-09 15:01:59 #15 type] 
Type domain.Apustua is not enhanced.

[2022-10-09 15:01:59 #16 type] 
Type domain.Admin is not enhanced.

------------------------------------------------------------------------------------------------------------------------

[2022-10-09 15:03:42 #1 store] 
Database 'C:\Users\Aimar\Desktop\Unibertsitatea\SoftwareIngenieritza2\Proiektua\Bets21\src\main\resources\bets.temp' is opened by 16060@AMO-Port

[2022-10-09 15:03:42 #2 type] 
Type domain.Team is not enhanced.

[2022-10-09 15:03:42 #3 type] 
Type domain.Event is not enhanced.

[2022-10-09 15:03:42 #4 type] 
Type domain.User is not enhanced.

[2022-10-09 15:03:42 #5 type] 
Type domain.Registered is not enhanced.

[2022-10-09 15:03:42 #6 type] 
Type domain.Sport is not enhanced.

[2022-10-09 15:03:42 #7 type] 
Type domain.Question is not enhanced.

[2022-10-09 15:03:42 #8 type] 
Type domain.Elkarrizketa is not enhanced.

[2022-10-09 15:03:42 #9 type] 
Type domain.Message is not enhanced.

[2022-10-09 15:03:42 #10 type] 
Type domain.KirolEstatistikak is not enhanced.

[2022-10-09 15:03:42 #11 type] 
Type domain.Jarraitzailea is not enhanced.

[2022-10-09 15:03:42 #12 type] 
Type domain.ApustuAnitza is not enhanced.

[2022-10-09 15:03:42 #13 type] 
Type domain.Transaction is not enhanced.

[2022-10-09 15:03:42 #14 type] 
Type domain.Quote is not enhanced.

[2022-10-09 15:03:42 #15 type] 
Type domain.Apustua is not enhanced.

[2022-10-09 15:03:42 #16 type] 
Type domain.Admin is not enhanced.

------------------------------------------------------------------------------------------------------------------------

[2022-10-09 15:41:09 #1 store] 
Database 'C:\Users\Aimar\Desktop\Unibertsitatea\SoftwareIngenieritza2\Proiektua\Bets21\src\main\resources\bets.temp' is opened by 9436@AMO-Port

[2022-10-09 15:41:09 #2 type] 
Type domain.Team is not enhanced.

[2022-10-09 15:41:09 #3 type] 
Type domain.Event is not enhanced.

[2022-10-09 15:41:09 #4 type] 
Type domain.User is not enhanced.

[2022-10-09 15:41:09 #5 type] 
Type domain.Registered is not enhanced.

[2022-10-09 15:41:09 #6 type] 
Type domain.Sport is not enhanced.

[2022-10-09 15:41:09 #7 type] 
Type domain.Question is not enhanced.

[2022-10-09 15:41:09 #8 type] 
Type domain.Elkarrizketa is not enhanced.

[2022-10-09 15:41:09 #9 type] 
Type domain.Message is not enhanced.

[2022-10-09 15:41:09 #10 type] 
Type domain.KirolEstatistikak is not enhanced.

[2022-10-09 15:41:09 #11 type] 
Type domain.Jarraitzailea is not enhanced.

[2022-10-09 15:41:09 #12 type] 
Type domain.ApustuAnitza is not enhanced.

[2022-10-09 15:41:09 #13 type] 
Type domain.Transaction is not enhanced.

[2022-10-09 15:41:09 #14 type] 
Type domain.Quote is not enhanced.

[2022-10-09 15:41:09 #15 type] 
Type domain.Apustua is not enhanced.

[2022-10-09 15:41:09 #16 type] 
Type domain.Admin is not enhanced.

------------------------------------------------------------------------------------------------------------------------

[2022-10-09 15:41:27 #1 store] 
Database 'C:\Users\Aimar\Desktop\Unibertsitatea\SoftwareIngenieritza2\Proiektua\Bets21\src\main\resources\bets.temp' has been recovered (tr. 18-21)

[2022-10-09 15:41:27 #2 store] 
Database 'C:\Users\Aimar\Desktop\Unibertsitatea\SoftwareIngenieritza2\Proiektua\Bets21\src\main\resources\bets.temp' is opened by 10880@AMO-Port

[2022-10-09 15:41:27 #3 type] 
Type domain.Team is not enhanced.

[2022-10-09 15:41:27 #4 type] 
Type domain.Event is not enhanced.

[2022-10-09 15:41:27 #5 type] 
Type domain.User is not enhanced.

[2022-10-09 15:41:27 #6 type] 
Type domain.Registered is not enhanced.

[2022-10-09 15:41:27 #7 type] 
Type domain.Sport is not enhanced.

[2022-10-09 15:41:27 #8 type] 
Type domain.Question is not enhanced.

[2022-10-09 15:41:27 #9 type] 
Type domain.Elkarrizketa is not enhanced.

[2022-10-09 15:41:27 #10 type] 
Type domain.Message is not enhanced.

[2022-10-09 15:41:27 #11 type] 
Type domain.KirolEstatistikak is not enhanced.

[2022-10-09 15:41:27 #12 type] 
Type domain.Jarraitzailea is not enhanced.

[2022-10-09 15:41:27 #13 type] 
Type domain.ApustuAnitza is not enhanced.

[2022-10-09 15:41:27 #14 type] 
Type domain.Transaction is not enhanced.

[2022-10-09 15:41:27 #15 type] 
Type domain.Quote is not enhanced.

[2022-10-09 15:41:27 #16 type] 
Type domain.Apustua is not enhanced.

[2022-10-09 15:41:27 #17 type] 
Type domain.Admin is not enhanced.

------------------------------------------------------------------------------------------------------------------------

[2022-10-09 15:41:39 #1 store] 
Database 'C:\Users\Aimar\Desktop\Unibertsitatea\SoftwareIngenieritza2\Proiektua\Bets21\src\main\resources\bets.temp' is opened by 2240@AMO-Port

[2022-10-09 15:41:40 #2 type] 
Type domain.Team is not enhanced.

[2022-10-09 15:41:40 #3 type] 
Type domain.Event is not enhanced.

[2022-10-09 15:41:40 #4 type] 
Type domain.User is not enhanced.

[2022-10-09 15:41:40 #5 type] 
Type domain.Registered is not enhanced.

[2022-10-09 15:41:40 #6 type] 
Type domain.Sport is not enhanced.

[2022-10-09 15:41:40 #7 type] 
Type domain.Question is not enhanced.

[2022-10-09 15:41:40 #8 type] 
Type domain.Elkarrizketa is not enhanced.

[2022-10-09 15:41:40 #9 type] 
Type domain.Message is not enhanced.

[2022-10-09 15:41:40 #10 type] 
Type domain.KirolEstatistikak is not enhanced.

[2022-10-09 15:41:40 #11 type] 
Type domain.Jarraitzailea is not enhanced.

[2022-10-09 15:41:40 #12 type] 
Type domain.ApustuAnitza is not enhanced.

[2022-10-09 15:41:40 #13 type] 
Type domain.Transaction is not enhanced.

[2022-10-09 15:41:40 #14 type] 
Type domain.Quote is not enhanced.

[2022-10-09 15:41:40 #15 type] 
Type domain.Apustua is not enhanced.

[2022-10-09 15:41:40 #16 type] 
Type domain.Admin is not enhanced.

------------------------------------------------------------------------------------------------------------------------

[2022-10-09 15:42:18 #1 store] 
Database 'C:\Users\Aimar\Desktop\Unibertsitatea\SoftwareIngenieritza2\Proiektua\Bets21\src\main\resources\bets.temp' is opened by 12812@AMO-Port

[2022-10-09 15:42:18 #2 type] 
Type domain.Team is not enhanced.

[2022-10-09 15:42:18 #3 type] 
Type domain.Event is not enhanced.

[2022-10-09 15:42:18 #4 type] 
Type domain.User is not enhanced.

[2022-10-09 15:42:18 #5 type] 
Type domain.Registered is not enhanced.

[2022-10-09 15:42:18 #6 type] 
Type domain.Sport is not enhanced.

[2022-10-09 15:42:18 #7 type] 
Type domain.Question is not enhanced.

[2022-10-09 15:42:18 #8 type] 
Type domain.Elkarrizketa is not enhanced.

[2022-10-09 15:42:18 #9 type] 
Type domain.Message is not enhanced.

[2022-10-09 15:42:18 #10 type] 
Type domain.KirolEstatistikak is not enhanced.

[2022-10-09 15:42:18 #11 type] 
Type domain.Jarraitzailea is not enhanced.

[2022-10-09 15:42:18 #12 type] 
Type domain.ApustuAnitza is not enhanced.

[2022-10-09 15:42:18 #13 type] 
Type domain.Transaction is not enhanced.

[2022-10-09 15:42:18 #14 type] 
Type domain.Quote is not enhanced.

[2022-10-09 15:42:18 #15 type] 
Type domain.Apustua is not enhanced.

[2022-10-09 15:42:18 #16 type] 
Type domain.Admin is not enhanced.

------------------------------------------------------------------------------------------------------------------------

[2022-10-09 15:42:53 #1 store] 
Database 'C:\Users\Aimar\Desktop\Unibertsitatea\SoftwareIngenieritza2\Proiektua\Bets21\src\main\resources\bets.temp' is opened by 8776@AMO-Port

[2022-10-09 15:42:53 #2 type] 
Type domain.Team is not enhanced.

[2022-10-09 15:42:53 #3 type] 
Type domain.Event is not enhanced.

[2022-10-09 15:42:53 #4 type] 
Type domain.User is not enhanced.

[2022-10-09 15:42:53 #5 type] 
Type domain.Registered is not enhanced.

[2022-10-09 15:42:53 #6 type] 
Type domain.Sport is not enhanced.

[2022-10-09 15:42:53 #7 type] 
Type domain.Question is not enhanced.

[2022-10-09 15:42:53 #8 type] 
Type domain.Elkarrizketa is not enhanced.

[2022-10-09 15:42:53 #9 type] 
Type domain.Message is not enhanced.

[2022-10-09 15:42:53 #10 type] 
Type domain.KirolEstatistikak is not enhanced.

[2022-10-09 15:42:53 #11 type] 
Type domain.Jarraitzailea is not enhanced.

[2022-10-09 15:42:53 #12 type] 
Type domain.ApustuAnitza is not enhanced.

[2022-10-09 15:42:53 #13 type] 
Type domain.Transaction is not enhanced.

[2022-10-09 15:42:53 #14 type] 
Type domain.Quote is not enhanced.

[2022-10-09 15:42:53 #15 type] 
Type domain.Apustua is not enhanced.

[2022-10-09 15:42:53 #16 type] 
Type domain.Admin is not enhanced.

------------------------------------------------------------------------------------------------------------------------

[2022-10-09 15:43:28 #1 store] 
Database 'C:\Users\Aimar\Desktop\Unibertsitatea\SoftwareIngenieritza2\Proiektua\Bets21\src\main\resources\bets.temp' is opened by 18388@AMO-Port

[2022-10-09 15:43:28 #2 type] 
Type domain.Team is not enhanced.

[2022-10-09 15:43:28 #3 type] 
Type domain.Event is not enhanced.

[2022-10-09 15:43:28 #4 type] 
Type domain.User is not enhanced.

[2022-10-09 15:43:28 #5 type] 
Type domain.Registered is not enhanced.

[2022-10-09 15:43:28 #6 type] 
Type domain.Sport is not enhanced.

[2022-10-09 15:43:28 #7 type] 
Type domain.Question is not enhanced.

[2022-10-09 15:43:28 #8 type] 
Type domain.Elkarrizketa is not enhanced.

[2022-10-09 15:43:28 #9 type] 
Type domain.Message is not enhanced.

[2022-10-09 15:43:28 #10 type] 
Type domain.KirolEstatistikak is not enhanced.

[2022-10-09 15:43:28 #11 type] 
Type domain.Jarraitzailea is not enhanced.

[2022-10-09 15:43:28 #12 type] 
Type domain.ApustuAnitza is not enhanced.

[2022-10-09 15:43:28 #13 type] 
Type domain.Transaction is not enhanced.

[2022-10-09 15:43:28 #14 type] 
Type domain.Quote is not enhanced.

[2022-10-09 15:43:28 #15 type] 
Type domain.Apustua is not enhanced.

[2022-10-09 15:43:28 #16 type] 
Type domain.Admin is not enhanced.

------------------------------------------------------------------------------------------------------------------------

[2022-10-09 15:45:44 #1 store] 
Database 'C:\Users\Aimar\Desktop\Unibertsitatea\SoftwareIngenieritza2\Proiektua\Bets21\src\main\resources\bets.temp' is opened by 14300@AMO-Port

[2022-10-09 15:45:44 #2 type] 
Type domain.Team is not enhanced.

[2022-10-09 15:45:44 #3 type] 
Type domain.Event is not enhanced.

[2022-10-09 15:45:44 #4 type] 
Type domain.User is not enhanced.

[2022-10-09 15:45:44 #5 type] 
Type domain.Registered is not enhanced.

[2022-10-09 15:45:44 #6 type] 
Type domain.Sport is not enhanced.

[2022-10-09 15:45:44 #7 type] 
Type domain.Question is not enhanced.

[2022-10-09 15:45:44 #8 type] 
Type domain.Elkarrizketa is not enhanced.

[2022-10-09 15:45:44 #9 type] 
Type domain.Message is not enhanced.

[2022-10-09 15:45:44 #10 type] 
Type domain.KirolEstatistikak is not enhanced.

[2022-10-09 15:45:44 #11 type] 
Type domain.Jarraitzailea is not enhanced.

[2022-10-09 15:45:44 #12 type] 
Type domain.ApustuAnitza is not enhanced.

[2022-10-09 15:45:44 #13 type] 
Type domain.Transaction is not enhanced.

[2022-10-09 15:45:44 #14 type] 
Type domain.Quote is not enhanced.

[2022-10-09 15:45:44 #15 type] 
Type domain.Apustua is not enhanced.

[2022-10-09 15:45:44 #16 type] 
Type domain.Admin is not enhanced.

------------------------------------------------------------------------------------------------------------------------

[2022-10-09 15:47:58 #1 store] 
Database 'C:\Users\Aimar\Desktop\Unibertsitatea\SoftwareIngenieritza2\Proiektua\Bets21\src\main\resources\bets.temp' is opened by 15808@AMO-Port

[2022-10-09 15:47:59 #2 type.registry] 
New type domain.Team

[2022-10-09 15:47:59 #3 type] 
Type domain.Team is not enhanced.

[2022-10-09 15:47:59 #4 type.registry] 
New type domain.Event

[2022-10-09 15:47:59 #5 type.registry] 
New type java.util.Vector<domain.Event>

[2022-10-09 15:47:59 #6 type.registry] 
New type domain.User

[2022-10-09 15:47:59 #7 type.registry] 
New type domain.Registered

[2022-10-09 15:47:59 #8 type.registry] 
New type java.util.Vector<domain.Registered>

[2022-10-09 15:47:59 #9 type] 
Type domain.Event is not enhanced.

[2022-10-09 15:47:59 #10 type.registry] 
New type domain.Sport

[2022-10-09 15:47:59 #11 type.registry] 
New type domain.Question

[2022-10-09 15:47:59 #12 type.registry] 
New type java.util.Vector<domain.Question>

[2022-10-09 15:47:59 #13 type] 
Type domain.User is not enhanced.

[2022-10-09 15:47:59 #14 type.registry] 
New type domain.Elkarrizketa

[2022-10-09 15:47:59 #15 type.registry] 
New type java.util.Vector<domain.Elkarrizketa>

[2022-10-09 15:47:59 #16 type.registry] 
New type domain.Message

[2022-10-09 15:47:59 #17 type.registry] 
New type java.util.Vector<domain.Message>

[2022-10-09 15:47:59 #18 type] 
Type domain.Registered is not enhanced.

[2022-10-09 15:47:59 #19 type.registry] 
New type domain.KirolEstatistikak

[2022-10-09 15:47:59 #20 type.registry] 
New type java.util.Vector<domain.KirolEstatistikak>

[2022-10-09 15:47:59 #21 type.registry] 
New type domain.Jarraitzailea

[2022-10-09 15:47:59 #22 type.registry] 
New type java.util.Vector<domain.Jarraitzailea>

[2022-10-09 15:47:59 #23 type.registry] 
New type domain.ApustuAnitza

[2022-10-09 15:47:59 #24 type.registry] 
New type java.util.Vector<domain.ApustuAnitza>

[2022-10-09 15:47:59 #25 type.registry] 
New type domain.Transaction

[2022-10-09 15:47:59 #26 type.registry] 
New type java.util.Vector<domain.Transaction>

[2022-10-09 15:47:59 #27 type] 
Type domain.Sport is not enhanced.

[2022-10-09 15:47:59 #28 type] 
Type domain.Question is not enhanced.

[2022-10-09 15:47:59 #29 type.registry] 
New type domain.Quote

[2022-10-09 15:47:59 #30 type.registry] 
New type java.util.Vector<domain.Quote>

[2022-10-09 15:47:59 #31 type] 
Type domain.Elkarrizketa is not enhanced.

[2022-10-09 15:47:59 #32 type] 
Type domain.Message is not enhanced.

[2022-10-09 15:47:59 #33 type] 
Type domain.KirolEstatistikak is not enhanced.

[2022-10-09 15:47:59 #34 type] 
Type domain.Jarraitzailea is not enhanced.

[2022-10-09 15:47:59 #35 type] 
Type domain.ApustuAnitza is not enhanced.

[2022-10-09 15:47:59 #36 type.registry] 
New type domain.Apustua

[2022-10-09 15:47:59 #37 type.registry] 
New type java.util.Vector<domain.Apustua>

[2022-10-09 15:47:59 #38 type] 
Type domain.Transaction is not enhanced.

[2022-10-09 15:47:59 #39 type] 
Type domain.Quote is not enhanced.

[2022-10-09 15:47:59 #40 type] 
Type domain.Apustua is not enhanced.

------------------------------------------------------------------------------------------------------------------------

[2022-10-09 15:48:40 #1 store] 
Database 'C:\Users\Aimar\Desktop\Unibertsitatea\SoftwareIngenieritza2\Proiektua\Bets21\src\main\resources\bets.temp' is opened by 10976@AMO-Port

[2022-10-09 15:48:40 #2 type.registry] 
New type domain.Team

[2022-10-09 15:48:40 #3 type] 
Type domain.Team is not enhanced.

[2022-10-09 15:48:41 #4 type.registry] 
New type domain.Event

[2022-10-09 15:48:41 #5 type.registry] 
New type java.util.Vector<domain.Event>

[2022-10-09 15:48:41 #6 type.registry] 
New type domain.User

[2022-10-09 15:48:41 #7 type.registry] 
New type domain.Registered

[2022-10-09 15:48:41 #8 type.registry] 
New type java.util.Vector<domain.Registered>

[2022-10-09 15:48:41 #9 type] 
Type domain.Event is not enhanced.

[2022-10-09 15:48:41 #10 type.registry] 
New type domain.Sport

[2022-10-09 15:48:41 #11 type.registry] 
New type domain.Question

[2022-10-09 15:48:41 #12 type.registry] 
New type java.util.Vector<domain.Question>

[2022-10-09 15:48:41 #13 type] 
Type domain.User is not enhanced.

[2022-10-09 15:48:41 #14 type.registry] 
New type domain.Elkarrizketa

[2022-10-09 15:48:41 #15 type.registry] 
New type java.util.Vector<domain.Elkarrizketa>

[2022-10-09 15:48:41 #16 type.registry] 
New type domain.Message

[2022-10-09 15:48:41 #17 type.registry] 
New type java.util.Vector<domain.Message>

[2022-10-09 15:48:41 #18 type] 
Type domain.Registered is not enhanced.

[2022-10-09 15:48:41 #19 type.registry] 
New type domain.KirolEstatistikak

[2022-10-09 15:48:41 #20 type.registry] 
New type java.util.Vector<domain.KirolEstatistikak>

[2022-10-09 15:48:41 #21 type.registry] 
New type domain.Jarraitzailea

[2022-10-09 15:48:41 #22 type.registry] 
New type java.util.Vector<domain.Jarraitzailea>

[2022-10-09 15:48:41 #23 type.registry] 
New type domain.ApustuAnitza

[2022-10-09 15:48:41 #24 type.registry] 
New type java.util.Vector<domain.ApustuAnitza>

[2022-10-09 15:48:41 #25 type.registry] 
New type domain.Transaction

[2022-10-09 15:48:41 #26 type.registry] 
New type java.util.Vector<domain.Transaction>

[2022-10-09 15:48:41 #27 type] 
Type domain.Sport is not enhanced.

[2022-10-09 15:48:41 #28 type] 
Type domain.Question is not enhanced.

[2022-10-09 15:48:41 #29 type.registry] 
New type domain.Quote

[2022-10-09 15:48:41 #30 type.registry] 
New type java.util.Vector<domain.Quote>

[2022-10-09 15:48:41 #31 type] 
Type domain.Elkarrizketa is not enhanced.

[2022-10-09 15:48:41 #32 type] 
Type domain.Message is not enhanced.

[2022-10-09 15:48:41 #33 type] 
Type domain.KirolEstatistikak is not enhanced.

[2022-10-09 15:48:41 #34 type] 
Type domain.Jarraitzailea is not enhanced.

[2022-10-09 15:48:41 #35 type] 
Type domain.ApustuAnitza is not enhanced.

[2022-10-09 15:48:41 #36 type.registry] 
New type domain.Apustua

[2022-10-09 15:48:41 #37 type.registry] 
New type java.util.Vector<domain.Apustua>

[2022-10-09 15:48:41 #38 type] 
Type domain.Transaction is not enhanced.

[2022-10-09 15:48:41 #39 type] 
Type domain.Quote is not enhanced.

[2022-10-09 15:48:41 #40 type] 
Type domain.Apustua is not enhanced.

------------------------------------------------------------------------------------------------------------------------

[2022-10-09 23:45:20 #1 store] 
Database 'C:\Users\Aimar\Desktop\Unibertsitatea\SoftwareIngenieritza2\Proiektua\Bets21\src\main\resources\bets.temp' is opened by 15500@AMO-Port

[2022-10-09 23:45:20 #2 type.registry] 
New type domain.Team

[2022-10-09 23:45:20 #3 type] 
Type domain.Team is not enhanced.

[2022-10-09 23:45:20 #4 type.registry] 
New type domain.Event

[2022-10-09 23:45:20 #5 type.registry] 
New type java.util.Vector<domain.Event>

[2022-10-09 23:45:20 #6 type.registry] 
New type domain.User

[2022-10-09 23:45:20 #7 type.registry] 
New type domain.Registered

[2022-10-09 23:45:20 #8 type.registry] 
New type java.util.Vector<domain.Registered>

[2022-10-09 23:45:20 #9 type] 
Type domain.Event is not enhanced.

[2022-10-09 23:45:20 #10 type.registry] 
New type domain.Sport

[2022-10-09 23:45:20 #11 type.registry] 
New type domain.Question

[2022-10-09 23:45:20 #12 type.registry] 
New type java.util.Vector<domain.Question>

[2022-10-09 23:45:20 #13 type] 
Type domain.User is not enhanced.

[2022-10-09 23:45:20 #14 type.registry] 
New type domain.Elkarrizketa

[2022-10-09 23:45:20 #15 type.registry] 
New type java.util.Vector<domain.Elkarrizketa>

[2022-10-09 23:45:20 #16 type.registry] 
New type domain.Message

[2022-10-09 23:45:20 #17 type.registry] 
New type java.util.Vector<domain.Message>

[2022-10-09 23:45:20 #18 type] 
Type domain.Registered is not enhanced.

[2022-10-09 23:45:20 #19 type.registry] 
New type domain.KirolEstatistikak

[2022-10-09 23:45:20 #20 type.registry] 
New type java.util.Vector<domain.KirolEstatistikak>

[2022-10-09 23:45:20 #21 type.registry] 
New type domain.Jarraitzailea

[2022-10-09 23:45:20 #22 type.registry] 
New type java.util.Vector<domain.Jarraitzailea>

[2022-10-09 23:45:20 #23 type.registry] 
New type domain.ApustuAnitza

[2022-10-09 23:45:20 #24 type.registry] 
New type java.util.Vector<domain.ApustuAnitza>

[2022-10-09 23:45:20 #25 type.registry] 
New type domain.Transaction

[2022-10-09 23:45:20 #26 type.registry] 
New type java.util.Vector<domain.Transaction>

[2022-10-09 23:45:20 #27 type] 
Type domain.Sport is not enhanced.

[2022-10-09 23:45:20 #28 type] 
Type domain.Question is not enhanced.

[2022-10-09 23:45:20 #29 type.registry] 
New type domain.Quote

[2022-10-09 23:45:20 #30 type.registry] 
New type java.util.Vector<domain.Quote>

[2022-10-09 23:45:21 #31 type] 
Type domain.Elkarrizketa is not enhanced.

[2022-10-09 23:45:21 #32 type] 
Type domain.Message is not enhanced.

[2022-10-09 23:45:21 #33 type] 
Type domain.KirolEstatistikak is not enhanced.

[2022-10-09 23:45:21 #34 type] 
Type domain.Jarraitzailea is not enhanced.

[2022-10-09 23:45:21 #35 type] 
Type domain.ApustuAnitza is not enhanced.

[2022-10-09 23:45:21 #36 type.registry] 
New type domain.Apustua

[2022-10-09 23:45:21 #37 type.registry] 
New type java.util.Vector<domain.Apustua>

[2022-10-09 23:45:21 #38 type] 
Type domain.Transaction is not enhanced.

[2022-10-09 23:45:21 #39 type] 
Type domain.Quote is not enhanced.

[2022-10-09 23:45:21 #40 type] 
Type domain.Apustua is not enhanced.

[2022-10-09 23:45:21 #41 type.registry] 
New type domain.Admin

[2022-10-09 23:45:21 #42 type] 
Type domain.Admin is not enhanced.

[2022-10-09 23:45:21 #43 type.registry] 
New type java.util.Vector<java.lang.Object>

