------------------------------------------------------------------------------------------------------------------------

[2022-10-15 13:32:55 #1 store] 
Database 'C:\Users\Aimar\Desktop\Unibertsitatea\SoftwareIngenieritza2\Proiektua\Bets21\src\main\resources\bets.temp' has been recovered (tr. 1-10)

[2022-10-15 13:32:55 #2 store] 
Database 'C:\Users\Aimar\Desktop\Unibertsitatea\SoftwareIngenieritza2\Proiektua\Bets21\src\main\resources\bets.temp' is opened by 1224@AMO-Port

[2022-10-15 13:32:55 #3 type] 
Type domain.Team is not enhanced.

[2022-10-15 13:32:55 #4 type] 
Type domain.Event is not enhanced.

[2022-10-15 13:32:55 #5 type] 
Type domain.User is not enhanced.

[2022-10-15 13:32:55 #6 type] 
Type domain.Registered is not enhanced.

[2022-10-15 13:32:55 #7 type] 
Type domain.Sport is not enhanced.

[2022-10-15 13:32:55 #8 type] 
Type domain.Question is not enhanced.

[2022-10-15 13:32:55 #9 type] 
Type domain.Elkarrizketa is not enhanced.

[2022-10-15 13:32:55 #10 type] 
Type domain.Message is not enhanced.

[2022-10-15 13:32:55 #11 type] 
Type domain.KirolEstatistikak is not enhanced.

[2022-10-15 13:32:55 #12 type] 
Type domain.Jarraitzailea is not enhanced.

[2022-10-15 13:32:55 #13 type] 
Type domain.ApustuAnitza is not enhanced.

[2022-10-15 13:32:55 #14 type] 
Type domain.Transaction is not enhanced.

[2022-10-15 13:32:55 #15 type] 
Type domain.Quote is not enhanced.

[2022-10-15 13:32:55 #16 type] 
Type domain.Apustua is not enhanced.

[2022-10-15 13:32:55 #17 type] 
Type domain.Admin is not enhanced.

------------------------------------------------------------------------------------------------------------------------

[2022-10-15 15:18:22 #1 store] 
Database 'C:\Users\Aimar\Desktop\Unibertsitatea\SoftwareIngenieritza2\Proiektua\Bets21\src\main\resources\bets.temp' is opened by 1360@AMO-Port

[2022-10-15 15:18:22 #2 type.registry] 
New type domain.Team

[2022-10-15 15:18:22 #3 type] 
Type domain.Team is not enhanced.

[2022-10-15 15:18:22 #4 type.registry] 
New type domain.Event

[2022-10-15 15:18:22 #5 type.registry] 
New type java.util.Vector<domain.Event>

[2022-10-15 15:18:22 #6 type.registry] 
New type domain.User

[2022-10-15 15:18:22 #7 type.registry] 
New type domain.Registered

[2022-10-15 15:18:22 #8 type.registry] 
New type java.util.Vector<domain.Registered>

[2022-10-15 15:18:22 #9 type] 
Type domain.Event is not enhanced.

[2022-10-15 15:18:22 #10 type.registry] 
New type domain.Sport

[2022-10-15 15:18:22 #11 type.registry] 
New type domain.Question

[2022-10-15 15:18:22 #12 type.registry] 
New type java.util.Vector<domain.Question>

[2022-10-15 15:18:22 #13 type] 
Type domain.User is not enhanced.

[2022-10-15 15:18:22 #14 type.registry] 
New type domain.Elkarrizketa

[2022-10-15 15:18:22 #15 type.registry] 
New type java.util.Vector<domain.Elkarrizketa>

[2022-10-15 15:18:22 #16 type.registry] 
New type domain.Message

[2022-10-15 15:18:22 #17 type.registry] 
New type java.util.Vector<domain.Message>

[2022-10-15 15:18:22 #18 type] 
Type domain.Registered is not enhanced.

[2022-10-15 15:18:22 #19 type.registry] 
New type domain.KirolEstatistikak

[2022-10-15 15:18:22 #20 type.registry] 
New type java.util.Vector<domain.KirolEstatistikak>

[2022-10-15 15:18:22 #21 type.registry] 
New type domain.Jarraitzailea

[2022-10-15 15:18:22 #22 type.registry] 
New type java.util.Vector<domain.Jarraitzailea>

[2022-10-15 15:18:22 #23 type.registry] 
New type domain.ApustuAnitza

[2022-10-15 15:18:22 #24 type.registry] 
New type java.util.Vector<domain.ApustuAnitza>

[2022-10-15 15:18:22 #25 type.registry] 
New type domain.Transaction

[2022-10-15 15:18:22 #26 type.registry] 
New type java.util.Vector<domain.Transaction>

[2022-10-15 15:18:22 #27 type] 
Type domain.Sport is not enhanced.

[2022-10-15 15:18:22 #28 type] 
Type domain.Question is not enhanced.

[2022-10-15 15:18:22 #29 type.registry] 
New type domain.Quote

[2022-10-15 15:18:22 #30 type.registry] 
New type java.util.Vector<domain.Quote>

[2022-10-15 15:18:22 #31 type] 
Type domain.Elkarrizketa is not enhanced.

[2022-10-15 15:18:22 #32 type] 
Type domain.Message is not enhanced.

[2022-10-15 15:18:22 #33 type] 
Type domain.KirolEstatistikak is not enhanced.

[2022-10-15 15:18:22 #34 type] 
Type domain.Jarraitzailea is not enhanced.

[2022-10-15 15:18:22 #35 type] 
Type domain.ApustuAnitza is not enhanced.

[2022-10-15 15:18:22 #36 type.registry] 
New type domain.Apustua

[2022-10-15 15:18:22 #37 type.registry] 
New type java.util.Vector<domain.Apustua>

[2022-10-15 15:18:22 #38 type] 
Type domain.Transaction is not enhanced.

[2022-10-15 15:18:22 #39 type] 
Type domain.Quote is not enhanced.

[2022-10-15 15:18:22 #40 type] 
Type domain.Apustua is not enhanced.

[2022-10-15 15:18:23 #41 type.registry] 
New type domain.Admin

[2022-10-15 15:18:23 #42 type] 
Type domain.Admin is not enhanced.

[2022-10-15 15:18:23 #43 type.registry] 
New type java.util.Vector<java.lang.Object>

------------------------------------------------------------------------------------------------------------------------

[2022-10-15 15:21:46 #1 store] 
Database 'C:\Users\Aimar\Desktop\Unibertsitatea\SoftwareIngenieritza2\Proiektua\Bets21\src\main\resources\bets.temp' is opened by 5456@AMO-Port

[2022-10-15 15:21:46 #2 type.registry] 
New type domain.Team

[2022-10-15 15:21:46 #3 type] 
Type domain.Team is not enhanced.

[2022-10-15 15:21:46 #4 type.registry] 
New type domain.Event

[2022-10-15 15:21:46 #5 type.registry] 
New type java.util.Vector<domain.Event>

[2022-10-15 15:21:46 #6 type.registry] 
New type domain.User

[2022-10-15 15:21:46 #7 type.registry] 
New type domain.Registered

[2022-10-15 15:21:46 #8 type.registry] 
New type java.util.Vector<domain.Registered>

[2022-10-15 15:21:46 #9 type] 
Type domain.Event is not enhanced.

[2022-10-15 15:21:46 #10 type.registry] 
New type domain.Sport

[2022-10-15 15:21:46 #11 type.registry] 
New type domain.Question

[2022-10-15 15:21:46 #12 type.registry] 
New type java.util.Vector<domain.Question>

[2022-10-15 15:21:46 #13 type] 
Type domain.User is not enhanced.

[2022-10-15 15:21:46 #14 type.registry] 
New type domain.Elkarrizketa

[2022-10-15 15:21:46 #15 type.registry] 
New type java.util.Vector<domain.Elkarrizketa>

[2022-10-15 15:21:46 #16 type.registry] 
New type domain.Message

[2022-10-15 15:21:46 #17 type.registry] 
New type java.util.Vector<domain.Message>

[2022-10-15 15:21:46 #18 type] 
Type domain.Registered is not enhanced.

[2022-10-15 15:21:46 #19 type.registry] 
New type domain.KirolEstatistikak

[2022-10-15 15:21:46 #20 type.registry] 
New type java.util.Vector<domain.KirolEstatistikak>

[2022-10-15 15:21:46 #21 type.registry] 
New type domain.Jarraitzailea

[2022-10-15 15:21:46 #22 type.registry] 
New type java.util.Vector<domain.Jarraitzailea>

[2022-10-15 15:21:46 #23 type.registry] 
New type domain.ApustuAnitza

[2022-10-15 15:21:46 #24 type.registry] 
New type java.util.Vector<domain.ApustuAnitza>

[2022-10-15 15:21:46 #25 type.registry] 
New type domain.Transaction

[2022-10-15 15:21:46 #26 type.registry] 
New type java.util.Vector<domain.Transaction>

[2022-10-15 15:21:46 #27 type] 
Type domain.Sport is not enhanced.

[2022-10-15 15:21:46 #28 type] 
Type domain.Question is not enhanced.

[2022-10-15 15:21:46 #29 type.registry] 
New type domain.Quote

[2022-10-15 15:21:46 #30 type.registry] 
New type java.util.Vector<domain.Quote>

[2022-10-15 15:21:46 #31 type] 
Type domain.Elkarrizketa is not enhanced.

[2022-10-15 15:21:46 #32 type] 
Type domain.Message is not enhanced.

[2022-10-15 15:21:46 #33 type] 
Type domain.KirolEstatistikak is not enhanced.

[2022-10-15 15:21:46 #34 type] 
Type domain.Jarraitzailea is not enhanced.

[2022-10-15 15:21:46 #35 type] 
Type domain.ApustuAnitza is not enhanced.

[2022-10-15 15:21:46 #36 type.registry] 
New type domain.Apustua

[2022-10-15 15:21:46 #37 type.registry] 
New type java.util.Vector<domain.Apustua>

[2022-10-15 15:21:46 #38 type] 
Type domain.Transaction is not enhanced.

[2022-10-15 15:21:46 #39 type] 
Type domain.Quote is not enhanced.

[2022-10-15 15:21:46 #40 type] 
Type domain.Apustua is not enhanced.

[2022-10-15 15:21:46 #41 type.registry] 
New type domain.Admin

[2022-10-15 15:21:46 #42 type] 
Type domain.Admin is not enhanced.

[2022-10-15 15:21:46 #43 type.registry] 
New type java.util.Vector<java.lang.Object>

------------------------------------------------------------------------------------------------------------------------

[2022-10-15 15:22:16 #1 store] 
Database 'C:\Users\Aimar\Desktop\Unibertsitatea\SoftwareIngenieritza2\Proiektua\Bets21\src\main\resources\bets.temp' is opened by 7640@AMO-Port

[2022-10-15 15:22:16 #2 type.registry] 
New type domain.Team

[2022-10-15 15:22:16 #3 type] 
Type domain.Team is not enhanced.

[2022-10-15 15:22:16 #4 type.registry] 
New type domain.Event

[2022-10-15 15:22:16 #5 type.registry] 
New type java.util.Vector<domain.Event>

[2022-10-15 15:22:16 #6 type.registry] 
New type domain.User

[2022-10-15 15:22:16 #7 type.registry] 
New type domain.Registered

[2022-10-15 15:22:16 #8 type.registry] 
New type java.util.Vector<domain.Registered>

[2022-10-15 15:22:16 #9 type] 
Type domain.Event is not enhanced.

[2022-10-15 15:22:16 #10 type.registry] 
New type domain.Sport

[2022-10-15 15:22:16 #11 type.registry] 
New type domain.Question

[2022-10-15 15:22:16 #12 type.registry] 
New type java.util.Vector<domain.Question>

[2022-10-15 15:22:16 #13 type] 
Type domain.User is not enhanced.

[2022-10-15 15:22:16 #14 type.registry] 
New type domain.Elkarrizketa

[2022-10-15 15:22:16 #15 type.registry] 
New type java.util.Vector<domain.Elkarrizketa>

[2022-10-15 15:22:16 #16 type.registry] 
New type domain.Message

[2022-10-15 15:22:16 #17 type.registry] 
New type java.util.Vector<domain.Message>

[2022-10-15 15:22:16 #18 type] 
Type domain.Registered is not enhanced.

[2022-10-15 15:22:16 #19 type.registry] 
New type domain.KirolEstatistikak

[2022-10-15 15:22:16 #20 type.registry] 
New type java.util.Vector<domain.KirolEstatistikak>

[2022-10-15 15:22:16 #21 type.registry] 
New type domain.Jarraitzailea

[2022-10-15 15:22:16 #22 type.registry] 
New type java.util.Vector<domain.Jarraitzailea>

[2022-10-15 15:22:16 #23 type.registry] 
New type domain.ApustuAnitza

[2022-10-15 15:22:16 #24 type.registry] 
New type java.util.Vector<domain.ApustuAnitza>

[2022-10-15 15:22:16 #25 type.registry] 
New type domain.Transaction

[2022-10-15 15:22:16 #26 type.registry] 
New type java.util.Vector<domain.Transaction>

[2022-10-15 15:22:16 #27 type] 
Type domain.Sport is not enhanced.

[2022-10-15 15:22:16 #28 type] 
Type domain.Question is not enhanced.

[2022-10-15 15:22:16 #29 type.registry] 
New type domain.Quote

[2022-10-15 15:22:16 #30 type.registry] 
New type java.util.Vector<domain.Quote>

[2022-10-15 15:22:16 #31 type] 
Type domain.Elkarrizketa is not enhanced.

[2022-10-15 15:22:16 #32 type] 
Type domain.Message is not enhanced.

[2022-10-15 15:22:16 #33 type] 
Type domain.KirolEstatistikak is not enhanced.

[2022-10-15 15:22:16 #34 type] 
Type domain.Jarraitzailea is not enhanced.

[2022-10-15 15:22:16 #35 type] 
Type domain.ApustuAnitza is not enhanced.

[2022-10-15 15:22:16 #36 type.registry] 
New type domain.Apustua

[2022-10-15 15:22:16 #37 type.registry] 
New type java.util.Vector<domain.Apustua>

[2022-10-15 15:22:16 #38 type] 
Type domain.Transaction is not enhanced.

[2022-10-15 15:22:16 #39 type] 
Type domain.Quote is not enhanced.

[2022-10-15 15:22:16 #40 type] 
Type domain.Apustua is not enhanced.

[2022-10-15 15:22:16 #41 type.registry] 
New type domain.Admin

[2022-10-15 15:22:16 #42 type] 
Type domain.Admin is not enhanced.

[2022-10-15 15:22:16 #43 type.registry] 
New type java.util.Vector<java.lang.Object>

