------------------------------------------------------------------------------------------------------------------------

[2022-10-16 13:27:14 #1 store] 
Database 'C:\Users\Aimar\Desktop\Unibertsitatea\SoftwareIngenieritza2\Proiektua\Bets21\src\main\resources\bets.temp' is opened by 9760@AMO-Port

[2022-10-16 13:27:14 #2 type] 
Type domain.Team is not enhanced.

[2022-10-16 13:27:14 #3 type] 
Type domain.Event is not enhanced.

[2022-10-16 13:27:14 #4 type] 
Type domain.User is not enhanced.

[2022-10-16 13:27:14 #5 type] 
Type domain.Registered is not enhanced.

[2022-10-16 13:27:14 #6 type] 
Type domain.Sport is not enhanced.

[2022-10-16 13:27:14 #7 type] 
Type domain.Question is not enhanced.

[2022-10-16 13:27:14 #8 type] 
Type domain.Elkarrizketa is not enhanced.

[2022-10-16 13:27:14 #9 type] 
Type domain.Message is not enhanced.

[2022-10-16 13:27:14 #10 type] 
Type domain.KirolEstatistikak is not enhanced.

[2022-10-16 13:27:14 #11 type] 
Type domain.Jarraitzailea is not enhanced.

[2022-10-16 13:27:14 #12 type] 
Type domain.ApustuAnitza is not enhanced.

[2022-10-16 13:27:14 #13 type] 
Type domain.Transaction is not enhanced.

[2022-10-16 13:27:14 #14 type] 
Type domain.Quote is not enhanced.

[2022-10-16 13:27:14 #15 type] 
Type domain.Apustua is not enhanced.

[2022-10-16 13:27:14 #16 type] 
Type domain.Admin is not enhanced.

------------------------------------------------------------------------------------------------------------------------

[2022-10-16 13:42:26 #1 store] 
Database 'C:\Users\Aimar\Desktop\Unibertsitatea\SoftwareIngenieritza2\Proiektua\Bets21\src\main\resources\bets.temp' is opened by 11032@AMO-Port

[2022-10-16 13:42:27 #2 type.registry] 
New type domain.Team

[2022-10-16 13:42:27 #3 type] 
Type domain.Team is not enhanced.

[2022-10-16 13:42:27 #4 type.registry] 
New type domain.Event

[2022-10-16 13:42:27 #5 type.registry] 
New type java.util.Vector<domain.Event>

[2022-10-16 13:42:27 #6 type.registry] 
New type domain.User

[2022-10-16 13:42:27 #7 type.registry] 
New type domain.Registered

[2022-10-16 13:42:27 #8 type.registry] 
New type java.util.Vector<domain.Registered>

[2022-10-16 13:42:27 #9 type] 
Type domain.Event is not enhanced.

[2022-10-16 13:42:27 #10 type.registry] 
New type domain.Sport

[2022-10-16 13:42:27 #11 type.registry] 
New type domain.Question

[2022-10-16 13:42:27 #12 type.registry] 
New type java.util.Vector<domain.Question>

[2022-10-16 13:42:27 #13 type] 
Type domain.User is not enhanced.

[2022-10-16 13:42:27 #14 type.registry] 
New type domain.Elkarrizketa

[2022-10-16 13:42:27 #15 type.registry] 
New type java.util.Vector<domain.Elkarrizketa>

[2022-10-16 13:42:27 #16 type.registry] 
New type domain.Message

[2022-10-16 13:42:27 #17 type.registry] 
New type java.util.Vector<domain.Message>

[2022-10-16 13:42:27 #18 type] 
Type domain.Registered is not enhanced.

[2022-10-16 13:42:27 #19 type.registry] 
New type domain.KirolEstatistikak

[2022-10-16 13:42:27 #20 type.registry] 
New type java.util.Vector<domain.KirolEstatistikak>

[2022-10-16 13:42:27 #21 type.registry] 
New type domain.Jarraitzailea

[2022-10-16 13:42:27 #22 type.registry] 
New type java.util.Vector<domain.Jarraitzailea>

[2022-10-16 13:42:27 #23 type.registry] 
New type domain.ApustuAnitza

[2022-10-16 13:42:27 #24 type.registry] 
New type java.util.Vector<domain.ApustuAnitza>

[2022-10-16 13:42:27 #25 type.registry] 
New type domain.Transaction

[2022-10-16 13:42:27 #26 type.registry] 
New type java.util.Vector<domain.Transaction>

[2022-10-16 13:42:27 #27 type] 
Type domain.Sport is not enhanced.

[2022-10-16 13:42:27 #28 type] 
Type domain.Question is not enhanced.

[2022-10-16 13:42:27 #29 type.registry] 
New type domain.Quote

[2022-10-16 13:42:27 #30 type.registry] 
New type java.util.Vector<domain.Quote>

[2022-10-16 13:42:27 #31 type] 
Type domain.Elkarrizketa is not enhanced.

[2022-10-16 13:42:27 #32 type] 
Type domain.Message is not enhanced.

[2022-10-16 13:42:27 #33 type] 
Type domain.KirolEstatistikak is not enhanced.

[2022-10-16 13:42:27 #34 type] 
Type domain.Jarraitzailea is not enhanced.

[2022-10-16 13:42:27 #35 type] 
Type domain.ApustuAnitza is not enhanced.

[2022-10-16 13:42:27 #36 type.registry] 
New type domain.Apustua

[2022-10-16 13:42:27 #37 type.registry] 
New type java.util.Vector<domain.Apustua>

[2022-10-16 13:42:27 #38 type] 
Type domain.Transaction is not enhanced.

[2022-10-16 13:42:27 #39 type] 
Type domain.Quote is not enhanced.

[2022-10-16 13:42:27 #40 type] 
Type domain.Apustua is not enhanced.

[2022-10-16 13:42:27 #41 type.registry] 
New type domain.Admin

[2022-10-16 13:42:27 #42 type] 
Type domain.Admin is not enhanced.

[2022-10-16 13:42:27 #43 type.registry] 
New type java.util.Vector<java.lang.Object>

------------------------------------------------------------------------------------------------------------------------

[2022-10-16 13:47:04 #1 store] 
Database 'C:\Users\Aimar\Desktop\Unibertsitatea\SoftwareIngenieritza2\Proiektua\Bets21\src\main\resources\bets.temp' is opened by 10844@AMO-Port

[2022-10-16 13:47:04 #2 type.registry] 
New type domain.Team

[2022-10-16 13:47:04 #3 type] 
Type domain.Team is not enhanced.

[2022-10-16 13:47:04 #4 type.registry] 
New type domain.Event

[2022-10-16 13:47:04 #5 type.registry] 
New type java.util.Vector<domain.Event>

[2022-10-16 13:47:04 #6 type.registry] 
New type domain.User

[2022-10-16 13:47:04 #7 type.registry] 
New type domain.Registered

[2022-10-16 13:47:04 #8 type.registry] 
New type java.util.Vector<domain.Registered>

[2022-10-16 13:47:04 #9 type] 
Type domain.Event is not enhanced.

[2022-10-16 13:47:04 #10 type.registry] 
New type domain.Sport

[2022-10-16 13:47:04 #11 type.registry] 
New type domain.Question

[2022-10-16 13:47:04 #12 type.registry] 
New type java.util.Vector<domain.Question>

[2022-10-16 13:47:04 #13 type] 
Type domain.User is not enhanced.

[2022-10-16 13:47:04 #14 type.registry] 
New type domain.Elkarrizketa

[2022-10-16 13:47:04 #15 type.registry] 
New type java.util.Vector<domain.Elkarrizketa>

[2022-10-16 13:47:04 #16 type.registry] 
New type domain.Message

[2022-10-16 13:47:04 #17 type.registry] 
New type java.util.Vector<domain.Message>

[2022-10-16 13:47:04 #18 type] 
Type domain.Registered is not enhanced.

[2022-10-16 13:47:04 #19 type.registry] 
New type domain.KirolEstatistikak

[2022-10-16 13:47:04 #20 type.registry] 
New type java.util.Vector<domain.KirolEstatistikak>

[2022-10-16 13:47:04 #21 type.registry] 
New type domain.Jarraitzailea

[2022-10-16 13:47:04 #22 type.registry] 
New type java.util.Vector<domain.Jarraitzailea>

[2022-10-16 13:47:04 #23 type.registry] 
New type domain.ApustuAnitza

[2022-10-16 13:47:04 #24 type.registry] 
New type java.util.Vector<domain.ApustuAnitza>

[2022-10-16 13:47:04 #25 type.registry] 
New type domain.Transaction

[2022-10-16 13:47:04 #26 type.registry] 
New type java.util.Vector<domain.Transaction>

[2022-10-16 13:47:04 #27 type] 
Type domain.Sport is not enhanced.

[2022-10-16 13:47:04 #28 type] 
Type domain.Question is not enhanced.

[2022-10-16 13:47:04 #29 type.registry] 
New type domain.Quote

[2022-10-16 13:47:04 #30 type.registry] 
New type java.util.Vector<domain.Quote>

[2022-10-16 13:47:04 #31 type] 
Type domain.Elkarrizketa is not enhanced.

[2022-10-16 13:47:04 #32 type] 
Type domain.Message is not enhanced.

[2022-10-16 13:47:04 #33 type] 
Type domain.KirolEstatistikak is not enhanced.

[2022-10-16 13:47:04 #34 type] 
Type domain.Jarraitzailea is not enhanced.

[2022-10-16 13:47:04 #35 type] 
Type domain.ApustuAnitza is not enhanced.

[2022-10-16 13:47:04 #36 type.registry] 
New type domain.Apustua

[2022-10-16 13:47:04 #37 type.registry] 
New type java.util.Vector<domain.Apustua>

[2022-10-16 13:47:04 #38 type] 
Type domain.Transaction is not enhanced.

[2022-10-16 13:47:04 #39 type] 
Type domain.Quote is not enhanced.

[2022-10-16 13:47:04 #40 type] 
Type domain.Apustua is not enhanced.

[2022-10-16 13:47:04 #41 type.registry] 
New type domain.Admin

[2022-10-16 13:47:04 #42 type] 
Type domain.Admin is not enhanced.

[2022-10-16 13:47:04 #43 type.registry] 
New type java.util.Vector<java.lang.Object>

------------------------------------------------------------------------------------------------------------------------

[2022-10-16 13:49:34 #1 store] 
Database 'C:\Users\Aimar\Desktop\Unibertsitatea\SoftwareIngenieritza2\Proiektua\Bets21\src\main\resources\bets.temp' is opened by 15836@AMO-Port

[2022-10-16 13:49:34 #2 type.registry] 
New type domain.Team

[2022-10-16 13:49:34 #3 type] 
Type domain.Team is not enhanced.

[2022-10-16 13:49:34 #4 type.registry] 
New type domain.Event

[2022-10-16 13:49:35 #5 type.registry] 
New type java.util.Vector<domain.Event>

[2022-10-16 13:49:35 #6 type.registry] 
New type domain.User

[2022-10-16 13:49:35 #7 type.registry] 
New type domain.Registered

[2022-10-16 13:49:35 #8 type.registry] 
New type java.util.Vector<domain.Registered>

[2022-10-16 13:49:35 #9 type] 
Type domain.Event is not enhanced.

[2022-10-16 13:49:35 #10 type.registry] 
New type domain.Sport

[2022-10-16 13:49:35 #11 type.registry] 
New type domain.Question

[2022-10-16 13:49:35 #12 type.registry] 
New type java.util.Vector<domain.Question>

[2022-10-16 13:49:35 #13 type] 
Type domain.User is not enhanced.

[2022-10-16 13:49:35 #14 type.registry] 
New type domain.Elkarrizketa

[2022-10-16 13:49:35 #15 type.registry] 
New type java.util.Vector<domain.Elkarrizketa>

[2022-10-16 13:49:35 #16 type.registry] 
New type domain.Message

[2022-10-16 13:49:35 #17 type.registry] 
New type java.util.Vector<domain.Message>

[2022-10-16 13:49:35 #18 type] 
Type domain.Registered is not enhanced.

[2022-10-16 13:49:35 #19 type.registry] 
New type domain.KirolEstatistikak

[2022-10-16 13:49:35 #20 type.registry] 
New type java.util.Vector<domain.KirolEstatistikak>

[2022-10-16 13:49:35 #21 type.registry] 
New type domain.Jarraitzailea

[2022-10-16 13:49:35 #22 type.registry] 
New type java.util.Vector<domain.Jarraitzailea>

[2022-10-16 13:49:35 #23 type.registry] 
New type domain.ApustuAnitza

[2022-10-16 13:49:35 #24 type.registry] 
New type java.util.Vector<domain.ApustuAnitza>

[2022-10-16 13:49:35 #25 type.registry] 
New type domain.Transaction

[2022-10-16 13:49:35 #26 type.registry] 
New type java.util.Vector<domain.Transaction>

[2022-10-16 13:49:35 #27 type] 
Type domain.Sport is not enhanced.

[2022-10-16 13:49:35 #28 type] 
Type domain.Question is not enhanced.

[2022-10-16 13:49:35 #29 type.registry] 
New type domain.Quote

[2022-10-16 13:49:35 #30 type.registry] 
New type java.util.Vector<domain.Quote>

[2022-10-16 13:49:35 #31 type] 
Type domain.Elkarrizketa is not enhanced.

[2022-10-16 13:49:35 #32 type] 
Type domain.Message is not enhanced.

[2022-10-16 13:49:35 #33 type] 
Type domain.KirolEstatistikak is not enhanced.

[2022-10-16 13:49:35 #34 type] 
Type domain.Jarraitzailea is not enhanced.

[2022-10-16 13:49:35 #35 type] 
Type domain.ApustuAnitza is not enhanced.

[2022-10-16 13:49:35 #36 type.registry] 
New type domain.Apustua

[2022-10-16 13:49:35 #37 type.registry] 
New type java.util.Vector<domain.Apustua>

[2022-10-16 13:49:35 #38 type] 
Type domain.Transaction is not enhanced.

[2022-10-16 13:49:35 #39 type] 
Type domain.Quote is not enhanced.

[2022-10-16 13:49:35 #40 type] 
Type domain.Apustua is not enhanced.

[2022-10-16 13:49:35 #41 type.registry] 
New type domain.Admin

[2022-10-16 13:49:35 #42 type] 
Type domain.Admin is not enhanced.

[2022-10-16 13:49:35 #43 type.registry] 
New type java.util.Vector<java.lang.Object>

------------------------------------------------------------------------------------------------------------------------

[2022-10-16 13:49:56 #1 store] 
Database 'C:\Users\Aimar\Desktop\Unibertsitatea\SoftwareIngenieritza2\Proiektua\Bets21\src\main\resources\bets.temp' is opened by 7988@AMO-Port

[2022-10-16 13:49:57 #2 type.registry] 
New type domain.Team

[2022-10-16 13:49:57 #3 type] 
Type domain.Team is not enhanced.

[2022-10-16 13:49:57 #4 type.registry] 
New type domain.Event

[2022-10-16 13:49:57 #5 type.registry] 
New type java.util.Vector<domain.Event>

[2022-10-16 13:49:57 #6 type.registry] 
New type domain.User

[2022-10-16 13:49:57 #7 type.registry] 
New type domain.Registered

[2022-10-16 13:49:57 #8 type.registry] 
New type java.util.Vector<domain.Registered>

[2022-10-16 13:49:57 #9 type] 
Type domain.Event is not enhanced.

[2022-10-16 13:49:57 #10 type.registry] 
New type domain.Sport

[2022-10-16 13:49:57 #11 type.registry] 
New type domain.Question

[2022-10-16 13:49:57 #12 type.registry] 
New type java.util.Vector<domain.Question>

[2022-10-16 13:49:57 #13 type] 
Type domain.User is not enhanced.

[2022-10-16 13:49:57 #14 type.registry] 
New type domain.Elkarrizketa

[2022-10-16 13:49:57 #15 type.registry] 
New type java.util.Vector<domain.Elkarrizketa>

[2022-10-16 13:49:57 #16 type.registry] 
New type domain.Message

[2022-10-16 13:49:57 #17 type.registry] 
New type java.util.Vector<domain.Message>

[2022-10-16 13:49:57 #18 type] 
Type domain.Registered is not enhanced.

[2022-10-16 13:49:57 #19 type.registry] 
New type domain.KirolEstatistikak

[2022-10-16 13:49:57 #20 type.registry] 
New type java.util.Vector<domain.KirolEstatistikak>

[2022-10-16 13:49:57 #21 type.registry] 
New type domain.Jarraitzailea

[2022-10-16 13:49:57 #22 type.registry] 
New type java.util.Vector<domain.Jarraitzailea>

[2022-10-16 13:49:57 #23 type.registry] 
New type domain.ApustuAnitza

[2022-10-16 13:49:57 #24 type.registry] 
New type java.util.Vector<domain.ApustuAnitza>

[2022-10-16 13:49:57 #25 type.registry] 
New type domain.Transaction

[2022-10-16 13:49:57 #26 type.registry] 
New type java.util.Vector<domain.Transaction>

[2022-10-16 13:49:57 #27 type] 
Type domain.Sport is not enhanced.

[2022-10-16 13:49:57 #28 type] 
Type domain.Question is not enhanced.

[2022-10-16 13:49:57 #29 type.registry] 
New type domain.Quote

[2022-10-16 13:49:57 #30 type.registry] 
New type java.util.Vector<domain.Quote>

[2022-10-16 13:49:57 #31 type] 
Type domain.Elkarrizketa is not enhanced.

[2022-10-16 13:49:57 #32 type] 
Type domain.Message is not enhanced.

[2022-10-16 13:49:57 #33 type] 
Type domain.KirolEstatistikak is not enhanced.

[2022-10-16 13:49:57 #34 type] 
Type domain.Jarraitzailea is not enhanced.

[2022-10-16 13:49:57 #35 type] 
Type domain.ApustuAnitza is not enhanced.

[2022-10-16 13:49:57 #36 type.registry] 
New type domain.Apustua

[2022-10-16 13:49:57 #37 type.registry] 
New type java.util.Vector<domain.Apustua>

[2022-10-16 13:49:57 #38 type] 
Type domain.Transaction is not enhanced.

[2022-10-16 13:49:57 #39 type] 
Type domain.Quote is not enhanced.

[2022-10-16 13:49:57 #40 type] 
Type domain.Apustua is not enhanced.

[2022-10-16 13:49:57 #41 type.registry] 
New type domain.Admin

[2022-10-16 13:49:57 #42 type] 
Type domain.Admin is not enhanced.

[2022-10-16 13:49:57 #43 type.registry] 
New type java.util.Vector<java.lang.Object>

------------------------------------------------------------------------------------------------------------------------

[2022-10-16 16:03:17 #1 store] 
Database 'C:\Users\Aimar\Desktop\Unibertsitatea\SoftwareIngenieritza2\Proiektua\Bets21\src\main\resources\bets.temp' is opened by 15540@AMO-Port

[2022-10-16 16:03:18 #2 type.registry] 
New type domain.Team

[2022-10-16 16:03:18 #3 type] 
Type domain.Team is not enhanced.

[2022-10-16 16:03:18 #4 type.registry] 
New type domain.Event

[2022-10-16 16:03:18 #5 type.registry] 
New type java.util.Vector<domain.Event>

[2022-10-16 16:03:18 #6 type.registry] 
New type domain.User

[2022-10-16 16:03:18 #7 type.registry] 
New type domain.Registered

[2022-10-16 16:03:18 #8 type.registry] 
New type java.util.Vector<domain.Registered>

[2022-10-16 16:03:18 #9 type] 
Type domain.Event is not enhanced.

[2022-10-16 16:03:18 #10 type.registry] 
New type domain.Sport

[2022-10-16 16:03:18 #11 type.registry] 
New type domain.Question

[2022-10-16 16:03:18 #12 type.registry] 
New type java.util.Vector<domain.Question>

[2022-10-16 16:03:18 #13 type] 
Type domain.User is not enhanced.

[2022-10-16 16:03:18 #14 type.registry] 
New type domain.Elkarrizketa

[2022-10-16 16:03:18 #15 type.registry] 
New type java.util.Vector<domain.Elkarrizketa>

[2022-10-16 16:03:18 #16 type.registry] 
New type domain.Message

[2022-10-16 16:03:18 #17 type.registry] 
New type java.util.Vector<domain.Message>

[2022-10-16 16:03:18 #18 type] 
Type domain.Registered is not enhanced.

[2022-10-16 16:03:18 #19 type.registry] 
New type domain.KirolEstatistikak

[2022-10-16 16:03:18 #20 type.registry] 
New type java.util.Vector<domain.KirolEstatistikak>

[2022-10-16 16:03:18 #21 type.registry] 
New type domain.Jarraitzailea

[2022-10-16 16:03:18 #22 type.registry] 
New type java.util.Vector<domain.Jarraitzailea>

[2022-10-16 16:03:18 #23 type.registry] 
New type domain.ApustuAnitza

[2022-10-16 16:03:18 #24 type.registry] 
New type java.util.Vector<domain.ApustuAnitza>

[2022-10-16 16:03:18 #25 type.registry] 
New type domain.Transaction

[2022-10-16 16:03:18 #26 type.registry] 
New type java.util.Vector<domain.Transaction>

[2022-10-16 16:03:18 #27 type] 
Type domain.Sport is not enhanced.

[2022-10-16 16:03:18 #28 type] 
Type domain.Question is not enhanced.

[2022-10-16 16:03:18 #29 type.registry] 
New type domain.Quote

[2022-10-16 16:03:18 #30 type.registry] 
New type java.util.Vector<domain.Quote>

[2022-10-16 16:03:18 #31 type] 
Type domain.Elkarrizketa is not enhanced.

[2022-10-16 16:03:18 #32 type] 
Type domain.Message is not enhanced.

[2022-10-16 16:03:18 #33 type] 
Type domain.KirolEstatistikak is not enhanced.

[2022-10-16 16:03:18 #34 type] 
Type domain.Jarraitzailea is not enhanced.

[2022-10-16 16:03:18 #35 type] 
Type domain.ApustuAnitza is not enhanced.

[2022-10-16 16:03:18 #36 type.registry] 
New type domain.Apustua

[2022-10-16 16:03:18 #37 type.registry] 
New type java.util.Vector<domain.Apustua>

[2022-10-16 16:03:18 #38 type] 
Type domain.Transaction is not enhanced.

[2022-10-16 16:03:18 #39 type] 
Type domain.Quote is not enhanced.

[2022-10-16 16:03:18 #40 type] 
Type domain.Apustua is not enhanced.

[2022-10-16 16:03:18 #41 type.registry] 
New type domain.Admin

[2022-10-16 16:03:18 #42 type] 
Type domain.Admin is not enhanced.

[2022-10-16 16:03:18 #43 type.registry] 
New type java.util.Vector<java.lang.Object>

