------------------------------------------------------------------------------------------------------------------------

[2022-10-18 14:19:06 #1 store] 
Database 'C:\Users\Aimar\Desktop\Unibertsitatea\SoftwareIngenieritza2\Proiektua\Bets21\src\main\resources\bets.temp' is opened by 1012@AMO-Port

[2022-10-18 14:19:06 #2 type] 
Type domain.Team is not enhanced.

[2022-10-18 14:19:06 #3 type] 
Type domain.Event is not enhanced.

[2022-10-18 14:19:06 #4 type] 
Type domain.User is not enhanced.

[2022-10-18 14:19:06 #5 type] 
Type domain.Registered is not enhanced.

[2022-10-18 14:19:06 #6 type] 
Type domain.Sport is not enhanced.

[2022-10-18 14:19:06 #7 type] 
Type domain.Question is not enhanced.

[2022-10-18 14:19:06 #8 type] 
Type domain.Elkarrizketa is not enhanced.

[2022-10-18 14:19:06 #9 type] 
Type domain.Message is not enhanced.

[2022-10-18 14:19:06 #10 type] 
Type domain.KirolEstatistikak is not enhanced.

[2022-10-18 14:19:06 #11 type] 
Type domain.Jarraitzailea is not enhanced.

[2022-10-18 14:19:06 #12 type] 
Type domain.ApustuAnitza is not enhanced.

[2022-10-18 14:19:06 #13 type] 
Type domain.Transaction is not enhanced.

[2022-10-18 14:19:06 #14 type] 
Type domain.Quote is not enhanced.

[2022-10-18 14:19:06 #15 type] 
Type domain.Apustua is not enhanced.

[2022-10-18 14:19:06 #16 type] 
Type domain.Admin is not enhanced.

------------------------------------------------------------------------------------------------------------------------

[2022-10-18 14:32:52 #1 store] 
Database 'C:\Users\Aimar\Desktop\Unibertsitatea\SoftwareIngenieritza2\Proiektua\Bets21\src\main\resources\bets.temp' has been recovered (tr. 14-63)

[2022-10-18 14:32:52 #2 store] 
Database 'C:\Users\Aimar\Desktop\Unibertsitatea\SoftwareIngenieritza2\Proiektua\Bets21\src\main\resources\bets.temp' is opened by 1692@AMO-Port

[2022-10-18 14:32:52 #3 type] 
Type domain.Team is not enhanced.

[2022-10-18 14:32:52 #4 type] 
Type domain.Event is not enhanced.

[2022-10-18 14:32:52 #5 type] 
Type domain.User is not enhanced.

[2022-10-18 14:32:52 #6 type] 
Type domain.Registered is not enhanced.

[2022-10-18 14:32:52 #7 type] 
Type domain.Sport is not enhanced.

[2022-10-18 14:32:52 #8 type] 
Type domain.Question is not enhanced.

[2022-10-18 14:32:52 #9 type] 
Type domain.Elkarrizketa is not enhanced.

[2022-10-18 14:32:52 #10 type] 
Type domain.Message is not enhanced.

[2022-10-18 14:32:52 #11 type] 
Type domain.KirolEstatistikak is not enhanced.

[2022-10-18 14:32:52 #12 type] 
Type domain.Jarraitzailea is not enhanced.

[2022-10-18 14:32:52 #13 type] 
Type domain.ApustuAnitza is not enhanced.

[2022-10-18 14:32:52 #14 type] 
Type domain.Transaction is not enhanced.

[2022-10-18 14:32:52 #15 type] 
Type domain.Quote is not enhanced.

[2022-10-18 14:32:52 #16 type] 
Type domain.Apustua is not enhanced.

[2022-10-18 14:32:52 #17 type] 
Type domain.Admin is not enhanced.

------------------------------------------------------------------------------------------------------------------------

[2022-10-18 14:33:48 #1 store] 
Database 'C:\Users\Aimar\Desktop\Unibertsitatea\SoftwareIngenieritza2\Proiektua\Bets21\src\main\resources\bets.temp' has been recovered (tr. 64-108)

[2022-10-18 14:33:48 #2 store] 
Database 'C:\Users\Aimar\Desktop\Unibertsitatea\SoftwareIngenieritza2\Proiektua\Bets21\src\main\resources\bets.temp' is opened by 10708@AMO-Port

[2022-10-18 14:33:48 #3 type] 
Type domain.Team is not enhanced.

[2022-10-18 14:33:48 #4 type] 
Type domain.Event is not enhanced.

[2022-10-18 14:33:48 #5 type] 
Type domain.User is not enhanced.

[2022-10-18 14:33:48 #6 type] 
Type domain.Registered is not enhanced.

[2022-10-18 14:33:48 #7 type] 
Type domain.Sport is not enhanced.

[2022-10-18 14:33:48 #8 type] 
Type domain.Question is not enhanced.

[2022-10-18 14:33:48 #9 type] 
Type domain.Elkarrizketa is not enhanced.

[2022-10-18 14:33:48 #10 type] 
Type domain.Message is not enhanced.

[2022-10-18 14:33:48 #11 type] 
Type domain.KirolEstatistikak is not enhanced.

[2022-10-18 14:33:48 #12 type] 
Type domain.Jarraitzailea is not enhanced.

[2022-10-18 14:33:48 #13 type] 
Type domain.ApustuAnitza is not enhanced.

[2022-10-18 14:33:48 #14 type] 
Type domain.Transaction is not enhanced.

[2022-10-18 14:33:48 #15 type] 
Type domain.Quote is not enhanced.

[2022-10-18 14:33:48 #16 type] 
Type domain.Apustua is not enhanced.

[2022-10-18 14:33:48 #17 type] 
Type domain.Admin is not enhanced.

------------------------------------------------------------------------------------------------------------------------

[2022-10-18 15:37:17 #1 store] 
Database 'C:\Users\Aimar\Desktop\Unibertsitatea\SoftwareIngenieritza2\Proiektua\Bets21\src\main\resources\bets.temp' has been recovered (tr. 109-153)

[2022-10-18 15:37:17 #2 store] 
Database 'C:\Users\Aimar\Desktop\Unibertsitatea\SoftwareIngenieritza2\Proiektua\Bets21\src\main\resources\bets.temp' is opened by 11040@AMO-Port

[2022-10-18 15:37:18 #3 type] 
Type domain.Team is not enhanced.

[2022-10-18 15:37:18 #4 type] 
Type domain.Event is not enhanced.

[2022-10-18 15:37:18 #5 type] 
Type domain.User is not enhanced.

[2022-10-18 15:37:18 #6 type] 
Type domain.Registered is not enhanced.

[2022-10-18 15:37:18 #7 type] 
Type domain.Sport is not enhanced.

[2022-10-18 15:37:18 #8 type] 
Type domain.Question is not enhanced.

[2022-10-18 15:37:18 #9 type] 
Type domain.Elkarrizketa is not enhanced.

[2022-10-18 15:37:18 #10 type] 
Type domain.Message is not enhanced.

[2022-10-18 15:37:18 #11 type] 
Type domain.KirolEstatistikak is not enhanced.

[2022-10-18 15:37:18 #12 type] 
Type domain.Jarraitzailea is not enhanced.

[2022-10-18 15:37:18 #13 type] 
Type domain.ApustuAnitza is not enhanced.

[2022-10-18 15:37:18 #14 type] 
Type domain.Transaction is not enhanced.

[2022-10-18 15:37:18 #15 type] 
Type domain.Quote is not enhanced.

[2022-10-18 15:37:18 #16 type] 
Type domain.Apustua is not enhanced.

[2022-10-18 15:37:18 #17 type] 
Type domain.Admin is not enhanced.

------------------------------------------------------------------------------------------------------------------------

[2022-10-18 16:30:33 #1 store] 
Database 'C:\Users\Aimar\Desktop\Unibertsitatea\SoftwareIngenieritza2\Proiektua\Bets21\src\main\resources\bets.temp' has been recovered (tr. 154-198)

[2022-10-18 16:30:33 #2 store] 
Database 'C:\Users\Aimar\Desktop\Unibertsitatea\SoftwareIngenieritza2\Proiektua\Bets21\src\main\resources\bets.temp' is opened by 9668@AMO-Port

[2022-10-18 16:30:33 #3 type] 
Type domain.Team is not enhanced.

[2022-10-18 16:30:33 #4 type] 
Type domain.Event is not enhanced.

[2022-10-18 16:30:33 #5 type] 
Type domain.User is not enhanced.

[2022-10-18 16:30:33 #6 type] 
Type domain.Registered is not enhanced.

[2022-10-18 16:30:33 #7 type] 
Type domain.Sport is not enhanced.

[2022-10-18 16:30:33 #8 type] 
Type domain.Question is not enhanced.

[2022-10-18 16:30:33 #9 type] 
Type domain.Elkarrizketa is not enhanced.

[2022-10-18 16:30:33 #10 type] 
Type domain.Message is not enhanced.

[2022-10-18 16:30:33 #11 type] 
Type domain.KirolEstatistikak is not enhanced.

[2022-10-18 16:30:33 #12 type] 
Type domain.Jarraitzailea is not enhanced.

[2022-10-18 16:30:33 #13 type] 
Type domain.ApustuAnitza is not enhanced.

[2022-10-18 16:30:33 #14 type] 
Type domain.Transaction is not enhanced.

[2022-10-18 16:30:33 #15 type] 
Type domain.Quote is not enhanced.

[2022-10-18 16:30:33 #16 type] 
Type domain.Apustua is not enhanced.

[2022-10-18 16:30:33 #17 type] 
Type domain.Admin is not enhanced.

------------------------------------------------------------------------------------------------------------------------

[2022-10-18 23:52:19 #1 store] 
Database 'C:\Users\34618\git\proiektuaSI2\src\main\resources\bets.temp' is opened by 16616@LAPTOP-18ORFK1V

[2022-10-18 23:52:19 #2 type.registry] 
New type domain.Team

[2022-10-18 23:52:19 #3 type] 
Type domain.Team is not enhanced.

[2022-10-18 23:52:19 #4 type.registry] 
New type domain.Event

[2022-10-18 23:52:19 #5 type.registry] 
New type java.util.Vector<domain.Event>

[2022-10-18 23:52:19 #6 type.registry] 
New type domain.User

[2022-10-18 23:52:19 #7 type.registry] 
New type domain.Registered

[2022-10-18 23:52:19 #8 type.registry] 
New type java.util.Vector<domain.Registered>

[2022-10-18 23:52:19 #9 type] 
Type domain.Event is not enhanced.

[2022-10-18 23:52:19 #10 type.registry] 
New type domain.Sport

[2022-10-18 23:52:19 #11 type.registry] 
New type domain.Question

[2022-10-18 23:52:19 #12 type.registry] 
New type java.util.Vector<domain.Question>

[2022-10-18 23:52:19 #13 type] 
Type domain.User is not enhanced.

[2022-10-18 23:52:19 #14 type.registry] 
New type domain.Elkarrizketa

[2022-10-18 23:52:19 #15 type.registry] 
New type java.util.Vector<domain.Elkarrizketa>

[2022-10-18 23:52:19 #16 type.registry] 
New type domain.Message

[2022-10-18 23:52:19 #17 type.registry] 
New type java.util.Vector<domain.Message>

[2022-10-18 23:52:19 #18 type] 
Type domain.Registered is not enhanced.

[2022-10-18 23:52:19 #19 type.registry] 
New type domain.KirolEstatistikak

[2022-10-18 23:52:19 #20 type.registry] 
New type java.util.Vector<domain.KirolEstatistikak>

[2022-10-18 23:52:19 #21 type.registry] 
New type domain.Jarraitzailea

[2022-10-18 23:52:19 #22 type.registry] 
New type java.util.Vector<domain.Jarraitzailea>

[2022-10-18 23:52:19 #23 type.registry] 
New type domain.ApustuAnitza

[2022-10-18 23:52:19 #24 type.registry] 
New type java.util.Vector<domain.ApustuAnitza>

[2022-10-18 23:52:19 #25 type.registry] 
New type domain.Transaction

[2022-10-18 23:52:19 #26 type.registry] 
New type java.util.Vector<domain.Transaction>

[2022-10-18 23:52:19 #27 type] 
Type domain.Sport is not enhanced.

[2022-10-18 23:52:19 #28 type] 
Type domain.Question is not enhanced.

[2022-10-18 23:52:19 #29 type.registry] 
New type domain.Quote

[2022-10-18 23:52:19 #30 type.registry] 
New type java.util.Vector<domain.Quote>

[2022-10-18 23:52:19 #31 type] 
Type domain.Elkarrizketa is not enhanced.

[2022-10-18 23:52:19 #32 type] 
Type domain.Message is not enhanced.

[2022-10-18 23:52:19 #33 type] 
Type domain.KirolEstatistikak is not enhanced.

[2022-10-18 23:52:19 #34 type] 
Type domain.Jarraitzailea is not enhanced.

[2022-10-18 23:52:19 #35 type] 
Type domain.ApustuAnitza is not enhanced.

[2022-10-18 23:52:19 #36 type.registry] 
New type domain.Apustua

[2022-10-18 23:52:19 #37 type.registry] 
New type java.util.Vector<domain.Apustua>

[2022-10-18 23:52:19 #38 type] 
Type domain.Transaction is not enhanced.

[2022-10-18 23:52:19 #39 type] 
Type domain.Quote is not enhanced.

[2022-10-18 23:52:19 #40 type] 
Type domain.Apustua is not enhanced.

------------------------------------------------------------------------------------------------------------------------

[2022-10-18 23:55:00 #1 store] 
Database 'C:\Users\34618\git\proiektuaSI2\src\main\resources\bets.temp' has been recovered (tr. 1-2)

[2022-10-18 23:55:00 #2 store] 
Database 'C:\Users\34618\git\proiektuaSI2\src\main\resources\bets.temp' is opened by 5864@LAPTOP-18ORFK1V

[2022-10-18 23:55:00 #3 type.registry] 
New type domain.Sport

[2022-10-18 23:55:00 #4 type] 
Type domain.Sport is not enhanced.

[2022-10-18 23:55:00 #5 type.registry] 
New type domain.KirolEstatistikak

[2022-10-18 23:55:00 #6 type.registry] 
New type java.util.Vector<domain.KirolEstatistikak>

[2022-10-18 23:55:00 #7 type.registry] 
New type domain.Event

[2022-10-18 23:55:00 #8 type.registry] 
New type java.util.Vector<domain.Event>

[2022-10-18 23:55:00 #9 type] 
Type domain.KirolEstatistikak is not enhanced.

[2022-10-18 23:55:00 #10 type.registry] 
New type domain.User

[2022-10-18 23:55:00 #11 type.registry] 
New type domain.Registered

[2022-10-18 23:55:00 #12 type] 
Type domain.Event is not enhanced.

[2022-10-18 23:55:00 #13 type.registry] 
New type domain.Team

[2022-10-18 23:55:00 #14 type.registry] 
New type domain.Question

[2022-10-18 23:55:00 #15 type.registry] 
New type java.util.Vector<domain.Question>

[2022-10-18 23:55:00 #16 type] 
Type domain.User is not enhanced.

[2022-10-18 23:55:00 #17 type.registry] 
New type domain.Elkarrizketa

[2022-10-18 23:55:00 #18 type.registry] 
New type java.util.Vector<domain.Elkarrizketa>

[2022-10-18 23:55:00 #19 type.registry] 
New type domain.Message

[2022-10-18 23:55:00 #20 type.registry] 
New type java.util.Vector<domain.Message>

[2022-10-18 23:55:00 #21 type] 
Type domain.Registered is not enhanced.

[2022-10-18 23:55:00 #22 type.registry] 
New type domain.Jarraitzailea

[2022-10-18 23:55:00 #23 type.registry] 
New type java.util.Vector<domain.Jarraitzailea>

[2022-10-18 23:55:00 #24 type.registry] 
New type domain.ApustuAnitza

[2022-10-18 23:55:00 #25 type.registry] 
New type java.util.Vector<domain.ApustuAnitza>

[2022-10-18 23:55:00 #26 type.registry] 
New type domain.Transaction

[2022-10-18 23:55:00 #27 type.registry] 
New type java.util.Vector<domain.Transaction>

[2022-10-18 23:55:00 #28 type] 
Type domain.Team is not enhanced.

[2022-10-18 23:55:00 #29 type.registry] 
New type java.util.Vector<domain.Registered>

[2022-10-18 23:55:00 #30 type] 
Type domain.Question is not enhanced.

[2022-10-18 23:55:00 #31 type.registry] 
New type domain.Quote

[2022-10-18 23:55:00 #32 type.registry] 
New type java.util.Vector<domain.Quote>

[2022-10-18 23:55:00 #33 type] 
Type domain.Elkarrizketa is not enhanced.

[2022-10-18 23:55:00 #34 type] 
Type domain.Message is not enhanced.

[2022-10-18 23:55:00 #35 type] 
Type domain.Jarraitzailea is not enhanced.

[2022-10-18 23:55:00 #36 type] 
Type domain.ApustuAnitza is not enhanced.

[2022-10-18 23:55:00 #37 type.registry] 
New type domain.Apustua

[2022-10-18 23:55:00 #38 type.registry] 
New type java.util.Vector<domain.Apustua>

[2022-10-18 23:55:00 #39 type] 
Type domain.Transaction is not enhanced.

[2022-10-18 23:55:00 #40 type] 
Type domain.Quote is not enhanced.

[2022-10-18 23:55:00 #41 type] 
Type domain.Apustua is not enhanced.

------------------------------------------------------------------------------------------------------------------------

[2022-10-18 23:59:47 #1 store] 
Database 'C:\Users\34618\git\proiektuaSI2\src\main\resources\bets.temp' is opened by 17412@LAPTOP-18ORFK1V

[2022-10-18 23:59:48 #2 type.registry] 
New type domain.Team

[2022-10-18 23:59:48 #3 type] 
Type domain.Team is not enhanced.

[2022-10-18 23:59:48 #4 type.registry] 
New type domain.Event

[2022-10-18 23:59:48 #5 type.registry] 
New type java.util.Vector<domain.Event>

[2022-10-18 23:59:48 #6 type.registry] 
New type domain.User

[2022-10-18 23:59:48 #7 type.registry] 
New type domain.Registered

[2022-10-18 23:59:48 #8 type.registry] 
New type java.util.Vector<domain.Registered>

[2022-10-18 23:59:48 #9 type] 
Type domain.Event is not enhanced.

[2022-10-18 23:59:48 #10 type.registry] 
New type domain.Sport

[2022-10-18 23:59:48 #11 type.registry] 
New type domain.Question

[2022-10-18 23:59:48 #12 type.registry] 
New type java.util.Vector<domain.Question>

[2022-10-18 23:59:48 #13 type] 
Type domain.User is not enhanced.

[2022-10-18 23:59:48 #14 type.registry] 
New type domain.Elkarrizketa

[2022-10-18 23:59:48 #15 type.registry] 
New type java.util.Vector<domain.Elkarrizketa>

[2022-10-18 23:59:48 #16 type.registry] 
New type domain.Message

[2022-10-18 23:59:48 #17 type.registry] 
New type java.util.Vector<domain.Message>

[2022-10-18 23:59:48 #18 type] 
Type domain.Registered is not enhanced.

[2022-10-18 23:59:48 #19 type.registry] 
New type domain.KirolEstatistikak

[2022-10-18 23:59:48 #20 type.registry] 
New type java.util.Vector<domain.KirolEstatistikak>

[2022-10-18 23:59:48 #21 type.registry] 
New type domain.Jarraitzailea

[2022-10-18 23:59:48 #22 type.registry] 
New type java.util.Vector<domain.Jarraitzailea>

[2022-10-18 23:59:48 #23 type.registry] 
New type domain.ApustuAnitza

[2022-10-18 23:59:48 #24 type.registry] 
New type java.util.Vector<domain.ApustuAnitza>

[2022-10-18 23:59:48 #25 type.registry] 
New type domain.Transaction

[2022-10-18 23:59:48 #26 type.registry] 
New type java.util.Vector<domain.Transaction>

[2022-10-18 23:59:48 #27 type] 
Type domain.Sport is not enhanced.

[2022-10-18 23:59:48 #28 type] 
Type domain.Question is not enhanced.

[2022-10-18 23:59:48 #29 type.registry] 
New type domain.Quote

[2022-10-18 23:59:48 #30 type.registry] 
New type java.util.Vector<domain.Quote>

[2022-10-18 23:59:48 #31 type] 
Type domain.Elkarrizketa is not enhanced.

[2022-10-18 23:59:48 #32 type] 
Type domain.Message is not enhanced.

[2022-10-18 23:59:48 #33 type] 
Type domain.KirolEstatistikak is not enhanced.

[2022-10-18 23:59:48 #34 type] 
Type domain.Jarraitzailea is not enhanced.

[2022-10-18 23:59:48 #35 type] 
Type domain.ApustuAnitza is not enhanced.

[2022-10-18 23:59:48 #36 type.registry] 
New type domain.Apustua

[2022-10-18 23:59:48 #37 type.registry] 
New type java.util.Vector<domain.Apustua>

[2022-10-18 23:59:48 #38 type] 
Type domain.Transaction is not enhanced.

[2022-10-18 23:59:48 #39 type] 
Type domain.Quote is not enhanced.

[2022-10-18 23:59:48 #40 type] 
Type domain.Apustua is not enhanced.

[2022-10-18 23:59:48 #41 type.registry] 
New type domain.Admin

[2022-10-18 23:59:48 #42 type] 
Type domain.Admin is not enhanced.

[2022-10-18 23:59:48 #43 type.registry] 
New type java.util.Vector<java.lang.Object>

